2025-08-11 19:41:08,230 INFO o.a.j.u.JMeterUtils: Setting Locale to en_EN
2025-08-11 19:41:08,262 INFO o.a.j.JMeter: Loading user properties from: C:\DEV\apache-jmeter-5.6.3\bin\user.properties
2025-08-11 19:41:08,262 INFO o.a.j.JMeter: Loading system properties from: C:\DEV\apache-jmeter-5.6.3\bin\system.properties
2025-08-11 19:41:08,262 INFO o.a.j.JMeter: Copyright (c) 1998-2024 The Apache Software Foundation
2025-08-11 19:41:08,262 INFO o.a.j.JMeter: Version 5.6.3
2025-08-11 19:41:08,262 INFO o.a.j.JMeter: java.version=17.0.10
2025-08-11 19:41:08,262 INFO o.a.j.JMeter: java.vm.name=Java HotSpot(TM) 64-Bit Server VM
2025-08-11 19:41:08,262 INFO o.a.j.JMeter: os.name=Windows 11
2025-08-11 19:41:08,262 INFO o.a.j.JMeter: os.arch=amd64
2025-08-11 19:41:08,262 INFO o.a.j.JMeter: os.version=10.0
2025-08-11 19:41:08,262 INFO o.a.j.JMeter: file.encoding=Cp1251
2025-08-11 19:41:08,262 INFO o.a.j.JMeter: java.awt.headless=true
2025-08-11 19:41:08,262 INFO o.a.j.JMeter: Max memory     =1073741824
2025-08-11 19:41:08,262 INFO o.a.j.JMeter: Available Processors =16
2025-08-11 19:41:08,277 INFO o.a.j.JMeter: Default Locale=English (EN)
2025-08-11 19:41:08,277 INFO o.a.j.JMeter: JMeter  Locale=English (EN)
2025-08-11 19:41:08,277 INFO o.a.j.JMeter: JMeterHome=C:\DEV\apache-jmeter-5.6.3
2025-08-11 19:41:08,277 INFO o.a.j.JMeter: user.dir  =C:\Users\gulae\IdeaProjects\HomeWorkJMeter\JMeterProjects
2025-08-11 19:41:08,277 INFO o.a.j.JMeter: PWD       =C:\Users\gulae\IdeaProjects\HomeWorkJMeter\JMeterProjects
2025-08-11 19:41:13,214 INFO o.a.j.JMeter: IP: 192.168.56.1 Name: DevGIG FullName: DevGIG
2025-08-11 19:41:13,214 INFO o.a.j.JMeter: Setting property 'jmeter.reportgenerator.outputdir' to:'C:\Users\gulae\IdeaProjects\HomeWorkJMeter\JMeterProjects\results'
2025-08-11 19:41:13,214 INFO o.a.j.s.FileServer: Default base='C:\Users\gulae\IdeaProjects\HomeWorkJMeter\JMeterProjects'
2025-08-11 19:41:13,214 INFO o.a.j.s.FileServer: Set new base='C:\Users\gulae\IdeaProjects\HomeWorkJMeter\JMeterProjects\.'
2025-08-11 19:41:13,402 INFO o.a.j.s.SaveService: Testplan (JMX) version: 2.2. Testlog (JTL) version: 2.2
2025-08-11 19:41:13,418 INFO o.a.j.s.SaveService: Using SaveService properties version 5.0
2025-08-11 19:41:13,418 INFO o.a.j.s.SaveService: Using SaveService properties file encoding UTF-8
2025-08-11 19:41:13,418 INFO o.a.j.s.SaveService: Loading file: .\HomeWorkPlan.jmx
2025-08-11 19:41:13,481 INFO o.a.j.p.h.s.HTTPSamplerBase: Parser for text/html is org.apache.jmeter.protocol.http.parser.LagartoBasedHtmlParser
2025-08-11 19:41:13,481 INFO o.a.j.p.h.s.HTTPSamplerBase: Parser for application/xhtml+xml is org.apache.jmeter.protocol.http.parser.LagartoBasedHtmlParser
2025-08-11 19:41:13,481 INFO o.a.j.p.h.s.HTTPSamplerBase: Parser for application/xml is org.apache.jmeter.protocol.http.parser.LagartoBasedHtmlParser
2025-08-11 19:41:13,481 INFO o.a.j.p.h.s.HTTPSamplerBase: Parser for text/xml is org.apache.jmeter.protocol.http.parser.LagartoBasedHtmlParser
2025-08-11 19:41:13,481 INFO o.a.j.p.h.s.HTTPSamplerBase: Parser for text/vnd.wap.wml is org.apache.jmeter.protocol.http.parser.RegexpHTMLParser
2025-08-11 19:41:13,481 INFO o.a.j.p.h.s.HTTPSamplerBase: Parser for text/css is org.apache.jmeter.protocol.http.parser.CssParser
2025-08-11 19:41:13,497 INFO o.a.j.JMeter: Creating summariser <summary>
2025-08-11 19:41:13,512 INFO o.a.j.r.d.ReportGenerator: ReportGenerator will use for Parsing the separator: ','
2025-08-11 19:41:13,512 INFO o.a.j.r.d.ReportGenerator: Will generate report at end of test from  results file: logs.jtl
2025-08-11 19:41:13,513 INFO o.a.j.r.d.ReportGenerator: Reading report generator properties from: C:\DEV\apache-jmeter-5.6.3\bin\reportgenerator.properties
2025-08-11 19:41:13,513 INFO o.a.j.r.d.ReportGenerator: Merging with JMeter properties
2025-08-11 19:41:13,513 INFO o.a.j.r.c.ReportGeneratorConfiguration: Property 'jmeter.reportgenerator.temp_dir' not found, using default value 'temp' instead.
2025-08-11 19:41:13,513 INFO o.a.j.r.c.ReportGeneratorConfiguration: Property 'jmeter.reportgenerator.apdex_per_transaction' not found, using default value 'null' instead.
2025-08-11 19:41:13,513 INFO o.a.j.r.c.ReportGeneratorConfiguration: apdex_per_transaction is empty, not APDEX per transaction customization
2025-08-11 19:41:13,513 INFO o.a.j.r.c.ReportGeneratorConfiguration: Property 'jmeter.reportgenerator.sample_filter' not found, using default value 'null' instead.
2025-08-11 19:41:13,513 INFO o.a.j.r.c.ReportGeneratorConfiguration: Property 'jmeter.reportgenerator.report_title' not found, using default value 'null' instead.
2025-08-11 19:41:13,513 INFO o.a.j.r.c.ReportGeneratorConfiguration: Property 'jmeter.reportgenerator.start_date' not found, using default value 'null' instead.
2025-08-11 19:41:13,513 INFO o.a.j.r.c.ReportGeneratorConfiguration: Property 'jmeter.reportgenerator.end_date' not found, using default value 'null' instead.
2025-08-11 19:41:13,513 INFO o.a.j.r.c.ReportGeneratorConfiguration: Property 'jmeter.reportgenerator.date_format' not found, using default value 'null' instead.
2025-08-11 19:41:13,513 INFO o.a.j.r.c.ReportGeneratorConfiguration: Will use date range start date: null, end date: null
2025-08-11 19:41:13,513 INFO o.a.j.r.c.ReportGeneratorConfiguration: Property 'jmeter.reportgenerator.graph.totalTPS.exclude_controllers' not found, using default value 'false' instead.
2025-08-11 19:41:13,513 INFO o.a.j.r.c.ReportGeneratorConfiguration: Property 'jmeter.reportgenerator.graph.activeThreadsOverTime.exclude_controllers' not found, using default value 'false' instead.
2025-08-11 19:41:13,513 INFO o.a.j.r.c.ReportGeneratorConfiguration: Property 'jmeter.reportgenerator.graph.timeVsThreads.exclude_controllers' not found, using default value 'false' instead.
2025-08-11 19:41:13,513 INFO o.a.j.r.c.ReportGeneratorConfiguration: Property 'jmeter.reportgenerator.graph.responseTimeDistribution.exclude_controllers' not found, using default value 'false' instead.
2025-08-11 19:41:13,513 INFO o.a.j.r.c.ReportGeneratorConfiguration: Property 'jmeter.reportgenerator.graph.transactionsPerSecond.exclude_controllers' not found, using default value 'false' instead.
2025-08-11 19:41:13,513 INFO o.a.j.r.c.ReportGeneratorConfiguration: Property 'jmeter.reportgenerator.graph.responseTimePercentiles.exclude_controllers' not found, using default value 'false' instead.
2025-08-11 19:41:13,513 INFO o.a.j.r.c.ReportGeneratorConfiguration: Property 'jmeter.reportgenerator.graph.responseTimePercentilesOverTime.exclude_controllers' not found, using default value 'false' instead.
2025-08-11 19:41:13,513 INFO o.a.j.r.c.ReportGeneratorConfiguration: Property 'jmeter.reportgenerator.graph.responseTimesOverTime.exclude_controllers' not found, using default value 'false' instead.
2025-08-11 19:41:13,513 INFO o.a.j.r.c.ReportGeneratorConfiguration: Property 'jmeter.reportgenerator.graph.connectTimeOverTime.exclude_controllers' not found, using default value 'false' instead.
2025-08-11 19:41:13,513 INFO o.a.j.r.c.ReportGeneratorConfiguration: Property 'jmeter.reportgenerator.graph.latenciesOverTime.exclude_controllers' not found, using default value 'false' instead.
2025-08-11 19:41:13,513 INFO o.a.j.r.c.ReportGeneratorConfiguration: Property 'jmeter.reportgenerator.exporter.json.filters_only_sample_series' not found, using default value 'true' instead.
2025-08-11 19:41:13,513 INFO o.a.j.r.c.ReportGeneratorConfiguration: Property 'jmeter.reportgenerator.exporter.json.series_filter' not found, using default value '' instead.
2025-08-11 19:41:13,513 INFO o.a.j.r.c.ReportGeneratorConfiguration: Property 'jmeter.reportgenerator.exporter.json.show_controllers_only' not found, using default value 'false' instead.
2025-08-11 19:41:13,513 INFO o.a.j.r.c.ReportGeneratorConfiguration: Property 'jmeter.reportgenerator.exporter.html.filters_only_sample_series' not found, using default value 'true' instead.
2025-08-11 19:41:13,513 INFO o.a.j.r.c.ReportGeneratorConfiguration: Property 'jmeter.reportgenerator.exporter.html.series_filter' not found, using default value '' instead.
2025-08-11 19:41:13,513 INFO o.a.j.r.c.ReportGeneratorConfiguration: Property 'jmeter.reportgenerator.exporter.html.show_controllers_only' not found, using default value 'false' instead.
2025-08-11 19:41:13,529 INFO o.a.j.e.StandardJMeterEngine: Running the test!
2025-08-11 19:41:13,529 INFO o.a.j.s.SampleEvent: List of sample_variables: []
2025-08-11 19:41:13,529 INFO o.a.j.s.SampleEvent: List of sample_variables: []
2025-08-11 19:41:13,537 INFO o.a.j.e.u.CompoundVariable: Note: Function class names must contain the string: '.functions.'
2025-08-11 19:41:13,537 INFO o.a.j.e.u.CompoundVariable: Note: Function class names must not contain the string: '.gui.'
2025-08-11 19:41:13,591 INFO o.a.j.JMeter: Running test (1754923273591)
2025-08-11 19:41:13,591 INFO o.a.j.e.StandardJMeterEngine: Starting ThreadGroup: 1 : Thread Group Pet Auth
2025-08-11 19:41:13,591 INFO o.a.j.e.StandardJMeterEngine: Starting 1 threads for group Thread Group Pet Auth.
2025-08-11 19:41:13,591 INFO o.a.j.e.StandardJMeterEngine: Thread will continue on error
2025-08-11 19:41:13,591 INFO o.a.j.t.ThreadGroup: Starting thread group... number=1 threads=1 ramp-up=1 delayedStart=false
2025-08-11 19:41:13,607 INFO o.a.j.t.ThreadGroup: Started thread group number 1
2025-08-11 19:41:13,607 INFO o.a.j.e.StandardJMeterEngine: Starting ThreadGroup: 2 : Thread Group Add Pet
2025-08-11 19:41:13,607 INFO o.a.j.e.StandardJMeterEngine: Starting 21 threads for group Thread Group Add Pet.
2025-08-11 19:41:13,607 INFO o.a.j.e.StandardJMeterEngine: Thread will continue on error
2025-08-11 19:41:13,607 INFO o.a.j.t.ThreadGroup: Starting thread group... number=2 threads=21 ramp-up=2 delayedStart=false
2025-08-11 19:41:13,611 INFO o.a.j.t.JMeterThread: Thread started: Thread Group Pet Auth 1-1
2025-08-11 19:41:13,617 INFO o.a.j.t.ThreadGroup: Started thread group number 2
2025-08-11 19:41:13,617 INFO o.a.j.e.StandardJMeterEngine: Starting ThreadGroup: 3 : Thread Group Get Pet By ID
2025-08-11 19:41:13,617 INFO o.a.j.e.StandardJMeterEngine: Starting 200 threads for group Thread Group Get Pet By ID.
2025-08-11 19:41:13,618 INFO o.a.j.e.StandardJMeterEngine: Thread will continue on error
2025-08-11 19:41:13,618 INFO o.a.j.t.ThreadGroup: Starting thread group... number=3 threads=200 ramp-up=2 delayedStart=false
2025-08-11 19:41:13,672 INFO o.a.j.t.ThreadGroup: Started thread group number 3
2025-08-11 19:41:13,672 INFO o.a.j.e.StandardJMeterEngine: All thread groups have been started
2025-08-11 19:41:13,750 INFO o.a.j.p.h.s.HTTPHCAbstractImpl: Local host = DevGIG
2025-08-11 19:41:13,792 INFO o.a.j.p.h.s.HTTPHC4Impl: HTTP request retry count = 0
2025-08-11 19:41:13,792 INFO o.a.j.t.JMeterThread: Thread started: Thread Group Get Pet By ID 3-1
2025-08-11 19:41:13,793 INFO o.a.j.s.FileServer: Stored: ./CSV/ForAddPet.csv
2025-08-11 19:41:13,793 INFO o.a.j.t.JMeterThread: Thread started: Thread Group Add Pet 2-1
2025-08-11 19:41:13,798 INFO o.a.j.s.SampleResult: Note: Sample TimeStamps are START times
2025-08-11 19:41:13,799 INFO o.a.j.s.SampleResult: sampleresult.default.encoding is set to UTF-8
2025-08-11 19:41:13,799 INFO o.a.j.s.SampleResult: sampleresult.useNanoTime=true
2025-08-11 19:41:13,799 INFO o.a.j.s.SampleResult: sampleresult.nanoThreadSleep=5000
2025-08-11 19:41:13,804 INFO o.a.j.t.JMeterThread: Thread started: Thread Group Get Pet By ID 3-2
2025-08-11 19:41:13,806 INFO o.a.j.t.JMeterThread: Thread started: Thread Group Get Pet By ID 3-3
2025-08-11 19:41:13,822 INFO o.a.j.t.JMeterThread: Thread started: Thread Group Get Pet By ID 3-4
2025-08-11 19:41:13,833 INFO o.a.j.t.JMeterThread: Thread started: Thread Group Get Pet By ID 3-5
2025-08-11 19:41:13,845 INFO o.a.j.t.JMeterThread: Thread started: Thread Group Get Pet By ID 3-6
2025-08-11 19:41:13,845 INFO o.a.j.t.JMeterThread: Thread started: Thread Group Get Pet By ID 3-7
2025-08-11 19:41:13,855 INFO o.a.j.t.JMeterThread: Thread started: Thread Group Get Pet By ID 3-8
2025-08-11 19:41:13,873 INFO o.a.j.t.JMeterThread: Thread started: Thread Group Get Pet By ID 3-9
2025-08-11 19:41:13,881 INFO o.a.j.t.JMeterThread: Thread started: Thread Group Add Pet 2-2
2025-08-11 19:41:13,883 INFO o.a.j.t.JMeterThread: Thread started: Thread Group Get Pet By ID 3-10
2025-08-11 19:41:13,893 INFO o.a.j.t.JMeterThread: Thread started: Thread Group Get Pet By ID 3-11
2025-08-11 19:41:13,896 INFO o.a.j.t.JMeterThread: Thread started: Thread Group Get Pet By ID 3-12
2025-08-11 19:41:13,913 INFO o.a.j.t.JMeterThread: Thread started: Thread Group Get Pet By ID 3-13
2025-08-11 19:41:13,922 INFO o.a.j.t.JMeterThread: Thread started: Thread Group Get Pet By ID 3-14
2025-08-11 19:41:13,932 INFO o.a.j.t.JMeterThread: Thread started: Thread Group Get Pet By ID 3-15
2025-08-11 19:41:13,941 INFO o.a.j.t.JMeterThread: Thread started: Thread Group Get Pet By ID 3-16
2025-08-11 19:41:13,951 INFO o.a.j.t.JMeterThread: Thread started: Thread Group Get Pet By ID 3-17
2025-08-11 19:41:13,960 INFO o.a.j.t.JMeterThread: Thread started: Thread Group Get Pet By ID 3-18
2025-08-11 19:41:13,963 INFO o.a.j.t.JMeterThread: Thread started: Thread Group Get Pet By ID 3-19
2025-08-11 19:41:13,976 INFO o.a.j.t.JMeterThread: Thread started: Thread Group Add Pet 2-3
2025-08-11 19:41:13,981 INFO o.a.j.t.JMeterThread: Thread started: Thread Group Get Pet By ID 3-20
2025-08-11 19:41:13,988 INFO o.a.j.t.JMeterThread: Thread started: Thread Group Get Pet By ID 3-21
2025-08-11 19:41:13,998 INFO o.a.j.t.JMeterThread: Thread started: Thread Group Get Pet By ID 3-22
2025-08-11 19:41:14,007 INFO o.a.j.t.JMeterThread: Thread started: Thread Group Get Pet By ID 3-23
2025-08-11 19:41:14,017 INFO o.a.j.t.JMeterThread: Thread started: Thread Group Get Pet By ID 3-24
2025-08-11 19:41:14,026 INFO o.a.j.t.JMeterThread: Thread started: Thread Group Get Pet By ID 3-25
2025-08-11 19:41:14,036 INFO o.a.j.t.JMeterThread: Thread started: Thread Group Get Pet By ID 3-26
2025-08-11 19:41:14,040 INFO o.a.j.t.JMeterThread: Thread started: Thread Group Get Pet By ID 3-27
2025-08-11 19:41:14,050 INFO o.a.j.t.JMeterThread: Thread started: Thread Group Get Pet By ID 3-28
2025-08-11 19:41:14,060 INFO o.a.j.t.JMeterThread: Thread started: Thread Group Get Pet By ID 3-29
2025-08-11 19:41:14,071 INFO o.a.j.t.JMeterThread: Thread started: Thread Group Add Pet 2-4
2025-08-11 19:41:14,071 INFO o.a.j.t.JMeterThread: Thread started: Thread Group Get Pet By ID 3-30
2025-08-11 19:41:14,086 INFO o.a.j.t.JMeterThread: Thread started: Thread Group Get Pet By ID 3-31
2025-08-11 19:41:14,095 INFO o.a.j.t.JMeterThread: Thread started: Thread Group Get Pet By ID 3-32
2025-08-11 19:41:14,105 INFO o.a.j.t.JMeterThread: Thread started: Thread Group Get Pet By ID 3-33
2025-08-11 19:41:14,109 INFO o.a.j.t.JMeterThread: Thread started: Thread Group Get Pet By ID 3-34
2025-08-11 19:41:14,115 INFO o.a.j.p.h.s.h.LazyLayeredConnectionSocketFactory: Setting up HTTPS TrustAll Socket Factory
2025-08-11 19:41:14,119 INFO o.a.j.u.JsseSSLManager: Using default SSL protocol: TLS
2025-08-11 19:41:14,119 INFO o.a.j.u.JsseSSLManager: SSL session context: per-thread
2025-08-11 19:41:14,121 INFO o.a.j.t.JMeterThread: Thread started: Thread Group Get Pet By ID 3-35
2025-08-11 19:41:14,128 INFO o.a.j.t.JMeterThread: Thread started: Thread Group Get Pet By ID 3-36
2025-08-11 19:41:14,143 INFO o.a.j.t.JMeterThread: Thread started: Thread Group Get Pet By ID 3-37
2025-08-11 19:41:14,153 INFO o.a.j.t.JMeterThread: Thread started: Thread Group Get Pet By ID 3-38
2025-08-11 19:41:14,157 INFO o.a.j.t.JMeterThread: Thread started: Thread Group Get Pet By ID 3-39
2025-08-11 19:41:14,166 INFO o.a.j.t.JMeterThread: Thread started: Thread Group Add Pet 2-5
2025-08-11 19:41:14,175 INFO o.a.j.t.JMeterThread: Thread started: Thread Group Get Pet By ID 3-40
2025-08-11 19:41:14,176 INFO o.a.j.t.JMeterThread: Thread started: Thread Group Get Pet By ID 3-41
2025-08-11 19:41:14,192 INFO o.a.j.t.JMeterThread: Thread started: Thread Group Get Pet By ID 3-42
2025-08-11 19:41:14,203 INFO o.a.j.t.JMeterThread: Thread started: Thread Group Get Pet By ID 3-43
2025-08-11 19:41:14,212 INFO o.a.j.t.JMeterThread: Thread started: Thread Group Get Pet By ID 3-44
2025-08-11 19:41:14,222 INFO o.a.j.t.JMeterThread: Thread started: Thread Group Get Pet By ID 3-45
2025-08-11 19:41:14,230 INFO o.a.j.t.JMeterThread: Thread started: Thread Group Get Pet By ID 3-46
2025-08-11 19:41:14,232 INFO o.a.j.t.JMeterThread: Thread started: Thread Group Get Pet By ID 3-47
2025-08-11 19:41:14,246 INFO o.a.j.t.JMeterThread: Thread started: Thread Group Get Pet By ID 3-48
2025-08-11 19:41:14,261 INFO o.a.j.t.JMeterThread: Thread started: Thread Group Get Pet By ID 3-49
2025-08-11 19:41:14,265 INFO o.a.j.t.JMeterThread: Thread started: Thread Group Add Pet 2-6
2025-08-11 19:41:14,271 INFO o.a.j.t.JMeterThread: Thread started: Thread Group Get Pet By ID 3-50
2025-08-11 19:41:14,281 INFO o.a.j.t.JMeterThread: Thread started: Thread Group Get Pet By ID 3-51
2025-08-11 19:41:14,284 INFO o.a.j.t.JMeterThread: Thread started: Thread Group Get Pet By ID 3-52
2025-08-11 19:41:14,298 INFO o.a.j.t.JMeterThread: Thread started: Thread Group Get Pet By ID 3-53
2025-08-11 19:41:14,310 INFO o.a.j.t.JMeterThread: Thread started: Thread Group Get Pet By ID 3-54
2025-08-11 19:41:14,314 INFO o.a.j.t.JMeterThread: Thread started: Thread Group Get Pet By ID 3-55
2025-08-11 19:41:14,329 INFO o.a.j.t.JMeterThread: Thread started: Thread Group Get Pet By ID 3-56
2025-08-11 19:41:14,329 INFO o.a.j.u.SSLManager: JmeterKeyStore Location:  type JKS
2025-08-11 19:41:14,332 INFO o.a.j.u.SSLManager: KeyStore created OK
2025-08-11 19:41:14,332 WARN o.a.j.u.SSLManager: Keystore file not found, loading empty keystore
2025-08-11 19:41:14,337 INFO o.a.j.t.JMeterThread: Thread started: Thread Group Get Pet By ID 3-57
2025-08-11 19:41:14,343 INFO o.a.j.t.JMeterThread: Thread started: Thread Group Get Pet By ID 3-58
2025-08-11 19:41:14,358 INFO o.a.j.t.JMeterThread: Thread started: Thread Group Get Pet By ID 3-59
2025-08-11 19:41:14,360 INFO o.a.j.t.JMeterThread: Thread started: Thread Group Add Pet 2-7
2025-08-11 19:41:14,368 INFO o.a.j.t.JMeterThread: Thread started: Thread Group Get Pet By ID 3-60
2025-08-11 19:41:14,371 INFO o.a.j.t.JMeterThread: Thread started: Thread Group Get Pet By ID 3-61
2025-08-11 19:41:14,381 INFO o.a.j.t.JMeterThread: Thread started: Thread Group Get Pet By ID 3-62
2025-08-11 19:41:14,391 INFO o.a.j.t.JMeterThread: Thread started: Thread Group Get Pet By ID 3-63
2025-08-11 19:41:14,406 INFO o.a.j.t.JMeterThread: Thread started: Thread Group Get Pet By ID 3-64
2025-08-11 19:41:14,415 INFO o.a.j.t.JMeterThread: Thread started: Thread Group Get Pet By ID 3-65
2025-08-11 19:41:14,426 INFO o.a.j.t.JMeterThread: Thread started: Thread Group Get Pet By ID 3-66
2025-08-11 19:41:14,450 INFO o.a.j.t.JMeterThread: Thread started: Thread Group Get Pet By ID 3-67
2025-08-11 19:41:14,450 INFO o.a.j.t.JMeterThread: Thread started: Thread Group Get Pet By ID 3-68
2025-08-11 19:41:14,456 INFO o.a.j.t.JMeterThread: Thread started: Thread Group Add Pet 2-8
2025-08-11 19:41:14,456 INFO o.a.j.t.JMeterThread: Thread started: Thread Group Get Pet By ID 3-69
2025-08-11 19:41:14,461 INFO o.a.j.t.JMeterThread: Thread started: Thread Group Get Pet By ID 3-70
2025-08-11 19:41:14,468 INFO o.a.j.t.JMeterThread: Thread started: Thread Group Get Pet By ID 3-71
2025-08-11 19:41:14,484 INFO o.a.j.t.JMeterThread: Thread started: Thread Group Get Pet By ID 3-72
2025-08-11 19:41:14,494 INFO o.a.j.t.JMeterThread: Thread started: Thread Group Get Pet By ID 3-73
2025-08-11 19:41:14,506 INFO o.a.j.t.JMeterThread: Thread started: Thread Group Get Pet By ID 3-74
2025-08-11 19:41:14,508 INFO o.a.j.t.JMeterThread: Thread started: Thread Group Get Pet By ID 3-75
2025-08-11 19:41:14,524 INFO o.a.j.t.JMeterThread: Thread started: Thread Group Get Pet By ID 3-76
2025-08-11 19:41:14,527 INFO o.a.j.t.JMeterThread: Thread started: Thread Group Get Pet By ID 3-77
2025-08-11 19:41:14,543 INFO o.a.j.t.JMeterThread: Thread started: Thread Group Get Pet By ID 3-78
2025-08-11 19:41:14,544 INFO o.a.j.t.JMeterThread: Thread started: Thread Group Add Pet 2-9
2025-08-11 19:41:14,549 INFO o.a.j.t.JMeterThread: Thread started: Thread Group Get Pet By ID 3-79
2025-08-11 19:41:14,606 INFO o.a.j.t.JMeterThread: Thread started: Thread Group Get Pet By ID 3-82
2025-08-11 19:41:14,608 INFO o.a.j.t.JMeterThread: Thread started: Thread Group Get Pet By ID 3-83
2025-08-11 19:41:14,612 INFO o.a.j.t.JMeterThread: Thread started: Thread Group Get Pet By ID 3-81
2025-08-11 19:41:14,612 INFO o.a.j.t.JMeterThread: Thread started: Thread Group Get Pet By ID 3-80
2025-08-11 19:41:14,612 INFO o.a.j.t.JMeterThread: Thread started: Thread Group Get Pet By ID 3-84
2025-08-11 19:41:14,617 INFO o.a.j.t.JMeterThread: Thread started: Thread Group Get Pet By ID 3-85
2025-08-11 19:41:14,624 INFO o.a.j.t.JMeterThread: Thread started: Thread Group Get Pet By ID 3-86
2025-08-11 19:41:14,631 INFO o.a.j.t.JMeterThread: Thread started: Thread Group Get Pet By ID 3-87
2025-08-11 19:41:14,642 INFO o.a.j.t.JMeterThread: Thread started: Thread Group Add Pet 2-10
2025-08-11 19:41:14,646 INFO o.a.j.t.JMeterThread: Thread started: Thread Group Get Pet By ID 3-88
2025-08-11 19:41:14,649 INFO o.a.j.t.JMeterThread: Thread started: Thread Group Get Pet By ID 3-89
2025-08-11 19:41:14,666 INFO o.a.j.t.JMeterThread: Thread started: Thread Group Get Pet By ID 3-90
2025-08-11 19:41:14,670 INFO o.a.j.t.JMeterThread: Thread started: Thread Group Get Pet By ID 3-91
2025-08-11 19:41:14,684 INFO o.a.j.t.JMeterThread: Thread started: Thread Group Get Pet By ID 3-92
2025-08-11 19:41:14,688 INFO o.a.j.t.JMeterThread: Thread started: Thread Group Get Pet By ID 3-93
2025-08-11 19:41:14,701 INFO o.a.j.t.JMeterThread: Thread started: Thread Group Get Pet By ID 3-94
2025-08-11 19:41:14,714 INFO o.a.j.t.JMeterThread: Thread started: Thread Group Get Pet By ID 3-95
2025-08-11 19:41:14,725 INFO o.a.j.t.JMeterThread: Thread started: Thread Group Get Pet By ID 3-96
2025-08-11 19:41:14,731 INFO o.a.j.t.JMeterThread: Thread started: Thread Group Get Pet By ID 3-97
2025-08-11 19:41:14,734 INFO o.a.j.t.JMeterThread: Thread started: Thread Group Add Pet 2-11
2025-08-11 19:41:14,747 INFO o.a.j.t.JMeterThread: Thread started: Thread Group Get Pet By ID 3-98
2025-08-11 19:41:14,757 INFO o.a.j.t.JMeterThread: Thread started: Thread Group Get Pet By ID 3-99
2025-08-11 19:41:14,757 INFO o.a.j.t.JMeterThread: Thread started: Thread Group Get Pet By ID 3-100
2025-08-11 19:41:14,771 INFO o.a.j.t.JMeterThread: Thread started: Thread Group Get Pet By ID 3-101
2025-08-11 19:41:14,779 INFO o.a.j.t.JMeterThread: Thread started: Thread Group Get Pet By ID 3-102
2025-08-11 19:41:14,794 INFO o.a.j.t.JMeterThread: Thread started: Thread Group Get Pet By ID 3-103
2025-08-11 19:41:14,798 INFO o.a.j.t.JMeterThread: Thread started: Thread Group Get Pet By ID 3-104
2025-08-11 19:41:14,806 INFO o.a.j.t.JMeterThread: Thread started: Thread Group Get Pet By ID 3-106
2025-08-11 19:41:14,807 INFO o.a.j.t.JMeterThread: Thread started: Thread Group Get Pet By ID 3-105
2025-08-11 19:41:14,817 INFO o.a.j.t.JMeterThread: Thread started: Thread Group Get Pet By ID 3-107
2025-08-11 19:41:14,826 INFO o.a.j.t.JMeterThread: Thread started: Thread Group Add Pet 2-12
2025-08-11 19:41:14,834 INFO o.a.j.t.JMeterThread: Thread started: Thread Group Get Pet By ID 3-108
2025-08-11 19:41:14,836 INFO o.a.j.t.JMeterThread: Thread started: Thread Group Get Pet By ID 3-109
2025-08-11 19:41:14,845 INFO o.a.j.t.JMeterThread: Thread started: Thread Group Get Pet By ID 3-110
2025-08-11 19:41:14,863 INFO o.a.j.t.JMeterThread: Thread started: Thread Group Get Pet By ID 3-111
2025-08-11 19:41:14,873 INFO o.a.j.t.JMeterThread: Thread started: Thread Group Get Pet By ID 3-112
2025-08-11 19:41:14,882 INFO o.a.j.t.JMeterThread: Thread started: Thread Group Get Pet By ID 3-113
2025-08-11 19:41:14,884 INFO o.a.j.t.JMeterThread: Thread started: Thread Group Get Pet By ID 3-114
2025-08-11 19:41:14,902 INFO o.a.j.t.JMeterThread: Thread started: Thread Group Get Pet By ID 3-115
2025-08-11 19:41:14,907 INFO o.a.j.t.JMeterThread: Thread started: Thread Group Get Pet By ID 3-116
2025-08-11 19:41:14,920 INFO o.a.j.t.JMeterThread: Thread started: Thread Group Add Pet 2-13
2025-08-11 19:41:14,921 INFO o.a.j.t.JMeterThread: Thread started: Thread Group Get Pet By ID 3-117
2025-08-11 19:41:14,923 INFO o.a.j.t.JMeterThread: Thread started: Thread Group Get Pet By ID 3-118
2025-08-11 19:41:14,934 INFO o.a.j.t.JMeterThread: Thread started: Thread Group Get Pet By ID 3-119
2025-08-11 19:41:14,944 INFO o.a.j.t.JMeterThread: Thread started: Thread Group Get Pet By ID 3-120
2025-08-11 19:41:14,960 INFO o.a.j.t.JMeterThread: Thread started: Thread Group Get Pet By ID 3-121
2025-08-11 19:41:14,971 INFO o.a.j.t.JMeterThread: Thread started: Thread Group Get Pet By ID 3-122
2025-08-11 19:41:14,973 INFO o.a.j.t.JMeterThread: Thread started: Thread Group Get Pet By ID 3-123
2025-08-11 19:41:14,990 INFO o.a.j.t.JMeterThread: Thread started: Thread Group Get Pet By ID 3-124
2025-08-11 19:41:14,999 INFO o.a.j.t.JMeterThread: Thread started: Thread Group Get Pet By ID 3-125
2025-08-11 19:41:15,009 INFO o.a.j.t.JMeterThread: Thread started: Thread Group Get Pet By ID 3-126
2025-08-11 19:41:15,014 INFO o.a.j.t.JMeterThread: Thread started: Thread Group Add Pet 2-14
2025-08-11 19:41:15,020 INFO o.a.j.t.JMeterThread: Thread started: Thread Group Get Pet By ID 3-127
2025-08-11 19:41:15,022 INFO o.a.j.t.JMeterThread: Thread started: Thread Group Get Pet By ID 3-128
2025-08-11 19:41:15,039 INFO o.a.j.t.JMeterThread: Thread started: Thread Group Get Pet By ID 3-129
2025-08-11 19:41:15,050 INFO o.a.j.t.JMeterThread: Thread started: Thread Group Get Pet By ID 3-130
2025-08-11 19:41:15,051 INFO o.a.j.t.JMeterThread: Thread started: Thread Group Get Pet By ID 3-131
2025-08-11 19:41:15,060 INFO o.a.j.t.JMeterThread: Thread started: Thread Group Get Pet By ID 3-132
2025-08-11 19:41:15,077 INFO o.a.j.t.JMeterThread: Thread started: Thread Group Get Pet By ID 3-133
2025-08-11 19:41:15,080 INFO o.a.j.t.JMeterThread: Thread started: Thread Group Get Pet By ID 3-134
2025-08-11 19:41:15,090 INFO o.a.j.t.JMeterThread: Thread started: Thread Group Get Pet By ID 3-135
2025-08-11 19:41:15,099 INFO o.a.j.t.JMeterThread: Thread started: Thread Group Get Pet By ID 3-136
2025-08-11 19:41:15,109 INFO o.a.j.t.JMeterThread: Thread started: Thread Group Add Pet 2-15
2025-08-11 19:41:15,116 INFO o.a.j.t.JMeterThread: Thread started: Thread Group Get Pet By ID 3-137
2025-08-11 19:41:15,125 INFO o.a.j.t.JMeterThread: Thread started: Thread Group Get Pet By ID 3-138
2025-08-11 19:41:15,135 INFO o.a.j.t.JMeterThread: Thread started: Thread Group Get Pet By ID 3-139
2025-08-11 19:41:15,145 INFO o.a.j.t.JMeterThread: Thread started: Thread Group Get Pet By ID 3-140
2025-08-11 19:41:15,149 INFO o.a.j.t.JMeterThread: Thread started: Thread Group Get Pet By ID 3-141
2025-08-11 19:41:15,159 INFO o.a.j.t.JMeterThread: Thread started: Thread Group Get Pet By ID 3-142
2025-08-11 19:41:15,168 INFO o.a.j.t.JMeterThread: Thread started: Thread Group Get Pet By ID 3-143
2025-08-11 19:41:15,177 INFO o.a.j.t.JMeterThread: Thread started: Thread Group Get Pet By ID 3-144
2025-08-11 19:41:15,187 INFO o.a.j.t.JMeterThread: Thread started: Thread Group Get Pet By ID 3-145
2025-08-11 19:41:15,204 INFO o.a.j.t.JMeterThread: Thread started: Thread Group Get Pet By ID 3-146
2025-08-11 19:41:15,211 INFO o.a.j.t.JMeterThread: Thread started: Thread Group Get Pet By ID 3-147
2025-08-11 19:41:15,212 INFO o.a.j.t.JMeterThread: Thread started: Thread Group Add Pet 2-16
2025-08-11 19:41:15,224 INFO o.a.j.t.JMeterThread: Thread started: Thread Group Get Pet By ID 3-148
2025-08-11 19:41:15,233 INFO o.a.j.t.JMeterThread: Thread started: Thread Group Get Pet By ID 3-149
2025-08-11 19:41:15,243 INFO o.a.j.t.JMeterThread: Thread started: Thread Group Get Pet By ID 3-150
2025-08-11 19:41:15,252 INFO o.a.j.t.JMeterThread: Thread started: Thread Group Get Pet By ID 3-151
2025-08-11 19:41:15,264 INFO o.a.j.t.JMeterThread: Thread started: Thread Group Get Pet By ID 3-152
2025-08-11 19:41:15,270 INFO o.a.j.t.JMeterThread: Thread started: Thread Group Get Pet By ID 3-153
2025-08-11 19:41:15,274 INFO o.a.j.t.JMeterThread: Thread started: Thread Group Get Pet By ID 3-154
2025-08-11 19:41:15,291 INFO o.a.j.t.JMeterThread: Thread started: Thread Group Get Pet By ID 3-155
2025-08-11 19:41:15,294 INFO o.a.j.t.JMeterThread: Thread started: Thread Group Get Pet By ID 3-156
2025-08-11 19:41:15,305 INFO o.a.j.t.JMeterThread: Thread started: Thread Group Add Pet 2-17
2025-08-11 19:41:15,310 INFO o.a.j.t.JMeterThread: Thread started: Thread Group Get Pet By ID 3-157
2025-08-11 19:41:15,316 INFO o.a.j.t.JMeterThread: Thread started: Thread Group Get Pet By ID 3-158
2025-08-11 19:41:15,330 INFO o.a.j.t.JMeterThread: Thread started: Thread Group Get Pet By ID 3-159
2025-08-11 19:41:15,340 INFO o.a.j.t.JMeterThread: Thread started: Thread Group Get Pet By ID 3-160
2025-08-11 19:41:15,350 INFO o.a.j.t.JMeterThread: Thread started: Thread Group Get Pet By ID 3-161
2025-08-11 19:41:15,357 INFO o.a.j.t.JMeterThread: Thread is done: Thread Group Get Pet By ID 3-12
2025-08-11 19:41:15,357 INFO o.a.j.t.JMeterThread: Thread is done: Thread Group Get Pet By ID 3-38
2025-08-11 19:41:15,357 INFO o.a.j.t.JMeterThread: Thread is done: Thread Group Get Pet By ID 3-7
2025-08-11 19:41:15,357 INFO o.a.j.t.JMeterThread: Thread finished: Thread Group Get Pet By ID 3-12
2025-08-11 19:41:15,357 INFO o.a.j.t.JMeterThread: Thread finished: Thread Group Get Pet By ID 3-38
2025-08-11 19:41:15,357 INFO o.a.j.t.JMeterThread: Thread finished: Thread Group Get Pet By ID 3-7
2025-08-11 19:41:15,357 INFO o.a.j.t.JMeterThread: Thread is done: Thread Group Get Pet By ID 3-3
2025-08-11 19:41:15,357 INFO o.a.j.t.JMeterThread: Thread is done: Thread Group Get Pet By ID 3-4
2025-08-11 19:41:15,357 INFO o.a.j.t.JMeterThread: Thread is done: Thread Group Get Pet By ID 3-14
2025-08-11 19:41:15,357 INFO o.a.j.t.JMeterThread: Thread finished: Thread Group Get Pet By ID 3-4
2025-08-11 19:41:15,357 INFO o.a.j.t.JMeterThread: Thread is done: Thread Group Get Pet By ID 3-47
2025-08-11 19:41:15,357 INFO o.a.j.t.JMeterThread: Thread finished: Thread Group Get Pet By ID 3-14
2025-08-11 19:41:15,357 INFO o.a.j.t.JMeterThread: Thread is done: Thread Group Get Pet By ID 3-19
2025-08-11 19:41:15,357 INFO o.a.j.t.JMeterThread: Thread finished: Thread Group Get Pet By ID 3-47
2025-08-11 19:41:15,357 INFO o.a.j.t.JMeterThread: Thread is done: Thread Group Get Pet By ID 3-35
2025-08-11 19:41:15,357 INFO o.a.j.t.JMeterThread: Thread finished: Thread Group Get Pet By ID 3-19
2025-08-11 19:41:15,357 INFO o.a.j.t.JMeterThread: Thread is done: Thread Group Get Pet By ID 3-46
2025-08-11 19:41:15,357 INFO o.a.j.t.JMeterThread: Thread finished: Thread Group Get Pet By ID 3-46
2025-08-11 19:41:15,357 INFO o.a.j.t.JMeterThread: Thread finished: Thread Group Get Pet By ID 3-3
2025-08-11 19:41:15,357 INFO o.a.j.t.JMeterThread: Thread finished: Thread Group Get Pet By ID 3-35
2025-08-11 19:41:15,359 INFO o.a.j.t.JMeterThread: Thread started: Thread Group Get Pet By ID 3-162
2025-08-11 19:41:15,362 INFO o.a.j.t.JMeterThread: Thread is done: Thread Group Get Pet By ID 3-23
2025-08-11 19:41:15,362 INFO o.a.j.t.JMeterThread: Thread finished: Thread Group Get Pet By ID 3-23
2025-08-11 19:41:15,369 INFO o.a.j.t.JMeterThread: Thread started: Thread Group Get Pet By ID 3-163
2025-08-11 19:41:15,378 INFO o.a.j.t.JMeterThread: Thread started: Thread Group Get Pet By ID 3-164
2025-08-11 19:41:15,381 INFO o.a.j.t.JMeterThread: Thread is done: Thread Group Get Pet By ID 3-11
2025-08-11 19:41:15,381 INFO o.a.j.t.JMeterThread: Thread is done: Thread Group Get Pet By ID 3-37
2025-08-11 19:41:15,381 INFO o.a.j.t.JMeterThread: Thread is done: Thread Group Get Pet By ID 3-44
2025-08-11 19:41:15,381 INFO o.a.j.t.JMeterThread: Thread finished: Thread Group Get Pet By ID 3-11
2025-08-11 19:41:15,382 INFO o.a.j.t.JMeterThread: Thread finished: Thread Group Get Pet By ID 3-37
2025-08-11 19:41:15,382 INFO o.a.j.t.JMeterThread: Thread finished: Thread Group Get Pet By ID 3-44
2025-08-11 19:41:15,382 INFO o.a.j.t.JMeterThread: Thread is done: Thread Group Add Pet 2-1
2025-08-11 19:41:15,382 INFO o.a.j.t.JMeterThread: Thread finished: Thread Group Add Pet 2-1
2025-08-11 19:41:15,383 INFO o.a.j.t.JMeterThread: Thread started: Thread Group Get Pet By ID 3-165
2025-08-11 19:41:15,387 INFO o.a.j.t.JMeterThread: Thread is done: Thread Group Get Pet By ID 3-5
2025-08-11 19:41:15,387 INFO o.a.j.t.JMeterThread: Thread finished: Thread Group Get Pet By ID 3-5
2025-08-11 19:41:15,390 INFO o.a.j.t.JMeterThread: Thread is done: Thread Group Get Pet By ID 3-52
2025-08-11 19:41:15,391 INFO o.a.j.t.JMeterThread: Thread is done: Thread Group Get Pet By ID 3-22
2025-08-11 19:41:15,391 INFO o.a.j.t.JMeterThread: Thread finished: Thread Group Get Pet By ID 3-52
2025-08-11 19:41:15,391 INFO o.a.j.t.JMeterThread: Thread finished: Thread Group Get Pet By ID 3-22
2025-08-11 19:41:15,392 INFO o.a.j.t.JMeterThread: Thread started: Thread Group Get Pet By ID 3-166
2025-08-11 19:41:15,394 INFO o.a.j.t.JMeterThread: Thread is done: Thread Group Get Pet By ID 3-34
2025-08-11 19:41:15,394 INFO o.a.j.t.JMeterThread: Thread finished: Thread Group Get Pet By ID 3-34
2025-08-11 19:41:15,398 INFO o.a.j.t.JMeterThread: Thread is done: Thread Group Get Pet By ID 3-27
2025-08-11 19:41:15,398 INFO o.a.j.t.JMeterThread: Thread is done: Thread Group Get Pet By ID 3-26
2025-08-11 19:41:15,398 INFO o.a.j.t.JMeterThread: Thread finished: Thread Group Get Pet By ID 3-27
2025-08-11 19:41:15,398 INFO o.a.j.t.JMeterThread: Thread finished: Thread Group Get Pet By ID 3-26
2025-08-11 19:41:15,399 INFO o.a.j.t.JMeterThread: Thread is done: Thread Group Get Pet By ID 3-24
2025-08-11 19:41:15,399 INFO o.a.j.t.JMeterThread: Thread is done: Thread Group Get Pet By ID 3-36
2025-08-11 19:41:15,399 INFO o.a.j.t.JMeterThread: Thread finished: Thread Group Get Pet By ID 3-36
2025-08-11 19:41:15,399 INFO o.a.j.t.JMeterThread: Thread finished: Thread Group Get Pet By ID 3-24
2025-08-11 19:41:15,400 INFO o.a.j.t.JMeterThread: Thread started: Thread Group Add Pet 2-18
2025-08-11 19:41:15,401 INFO o.a.j.t.JMeterThread: Thread is done: Thread Group Get Pet By ID 3-13
2025-08-11 19:41:15,401 INFO o.a.j.t.JMeterThread: Thread finished: Thread Group Get Pet By ID 3-13
2025-08-11 19:41:15,401 INFO o.a.j.t.JMeterThread: Thread is done: Thread Group Get Pet By ID 3-6
2025-08-11 19:41:15,401 INFO o.a.j.t.JMeterThread: Thread finished: Thread Group Get Pet By ID 3-6
2025-08-11 19:41:15,402 INFO o.a.j.t.JMeterThread: Thread started: Thread Group Get Pet By ID 3-167
2025-08-11 19:41:15,405 INFO o.a.j.t.JMeterThread: Thread is done: Thread Group Get Pet By ID 3-2
2025-08-11 19:41:15,405 INFO o.a.j.t.JMeterThread: Thread finished: Thread Group Get Pet By ID 3-2
2025-08-11 19:41:15,410 INFO o.a.j.t.JMeterThread: Thread is done: Thread Group Get Pet By ID 3-15
2025-08-11 19:41:15,410 INFO o.a.j.t.JMeterThread: Thread is done: Thread Group Get Pet By ID 3-42
2025-08-11 19:41:15,410 INFO o.a.j.t.JMeterThread: Thread finished: Thread Group Get Pet By ID 3-15
2025-08-11 19:41:15,410 INFO o.a.j.t.JMeterThread: Thread finished: Thread Group Get Pet By ID 3-42
2025-08-11 19:41:15,411 INFO o.a.j.t.JMeterThread: Thread started: Thread Group Get Pet By ID 3-168
2025-08-11 19:41:15,427 INFO o.a.j.t.JMeterThread: Thread started: Thread Group Get Pet By ID 3-169
2025-08-11 19:41:15,438 INFO o.a.j.t.JMeterThread: Thread started: Thread Group Get Pet By ID 3-170
2025-08-11 19:41:15,440 INFO o.a.j.t.JMeterThread: Thread started: Thread Group Get Pet By ID 3-171
2025-08-11 19:41:15,456 INFO o.a.j.t.JMeterThread: Thread started: Thread Group Get Pet By ID 3-172
2025-08-11 19:41:15,460 INFO o.a.j.t.JMeterThread: Thread started: Thread Group Get Pet By ID 3-173
2025-08-11 19:41:15,470 INFO o.a.j.t.JMeterThread: Thread is done: Thread Group Get Pet By ID 3-8
2025-08-11 19:41:15,470 INFO o.a.j.t.JMeterThread: Thread is done: Thread Group Get Pet By ID 3-41
2025-08-11 19:41:15,470 INFO o.a.j.t.JMeterThread: Thread started: Thread Group Get Pet By ID 3-174
2025-08-11 19:41:15,470 INFO o.a.j.t.JMeterThread: Thread finished: Thread Group Get Pet By ID 3-8
2025-08-11 19:41:15,470 INFO o.a.j.t.JMeterThread: Thread is done: Thread Group Get Pet By ID 3-21
2025-08-11 19:41:15,470 INFO o.a.j.t.JMeterThread: Thread finished: Thread Group Get Pet By ID 3-41
2025-08-11 19:41:15,470 INFO o.a.j.t.JMeterThread: Thread finished: Thread Group Get Pet By ID 3-21
2025-08-11 19:41:15,472 INFO o.a.j.t.JMeterThread: Thread is done: Thread Group Get Pet By ID 3-17
2025-08-11 19:41:15,472 INFO o.a.j.t.JMeterThread: Thread finished: Thread Group Get Pet By ID 3-17
2025-08-11 19:41:15,481 INFO o.a.j.t.JMeterThread: Thread started: Thread Group Get Pet By ID 3-175
2025-08-11 19:41:15,496 INFO o.a.j.t.JMeterThread: Thread started: Thread Group Add Pet 2-19
2025-08-11 19:41:15,496 INFO o.a.j.t.JMeterThread: Thread started: Thread Group Get Pet By ID 3-176
2025-08-11 19:41:15,501 INFO o.a.j.t.JMeterThread: Thread started: Thread Group Get Pet By ID 3-177
2025-08-11 19:41:15,516 INFO o.a.j.t.JMeterThread: Thread started: Thread Group Get Pet By ID 3-178
2025-08-11 19:41:15,516 INFO o.a.j.t.JMeterThread: Thread is done: Thread Group Get Pet By ID 3-16
2025-08-11 19:41:15,516 INFO o.a.j.t.JMeterThread: Thread finished: Thread Group Get Pet By ID 3-16
2025-08-11 19:41:15,518 INFO o.a.j.t.JMeterThread: Thread started: Thread Group Get Pet By ID 3-179
2025-08-11 19:41:15,518 INFO o.a.j.t.JMeterThread: Thread is done: Thread Group Get Pet By ID 3-69
2025-08-11 19:41:15,518 INFO o.a.j.t.JMeterThread: Thread finished: Thread Group Get Pet By ID 3-69
2025-08-11 19:41:15,525 INFO o.a.j.t.JMeterThread: Thread is done: Thread Group Get Pet By ID 3-79
2025-08-11 19:41:15,525 INFO o.a.j.t.JMeterThread: Thread is done: Thread Group Get Pet By ID 3-75
2025-08-11 19:41:15,526 INFO o.a.j.t.JMeterThread: Thread finished: Thread Group Get Pet By ID 3-79
2025-08-11 19:41:15,526 INFO o.a.j.t.JMeterThread: Thread finished: Thread Group Get Pet By ID 3-75
2025-08-11 19:41:15,526 INFO o.a.j.t.JMeterThread: Thread is done: Thread Group Get Pet By ID 3-73
2025-08-11 19:41:15,526 INFO o.a.j.t.JMeterThread: Thread finished: Thread Group Get Pet By ID 3-73
2025-08-11 19:41:15,526 INFO o.a.j.t.JMeterThread: Thread is done: Thread Group Add Pet 2-7
2025-08-11 19:41:15,526 INFO o.a.j.t.JMeterThread: Thread is done: Thread Group Get Pet By ID 3-84
2025-08-11 19:41:15,526 INFO o.a.j.t.JMeterThread: Thread finished: Thread Group Add Pet 2-7
2025-08-11 19:41:15,526 INFO o.a.j.t.JMeterThread: Thread finished: Thread Group Get Pet By ID 3-84
2025-08-11 19:41:15,527 INFO o.a.j.t.JMeterThread: Thread is done: Thread Group Get Pet By ID 3-56
2025-08-11 19:41:15,527 INFO o.a.j.t.JMeterThread: Thread finished: Thread Group Get Pet By ID 3-56
2025-08-11 19:41:15,527 INFO o.a.j.t.JMeterThread: Thread is done: Thread Group Get Pet By ID 3-45
2025-08-11 19:41:15,527 INFO o.a.j.t.JMeterThread: Thread finished: Thread Group Get Pet By ID 3-45
2025-08-11 19:41:15,527 INFO o.a.j.t.JMeterThread: Thread is done: Thread Group Get Pet By ID 3-1
2025-08-11 19:41:15,527 INFO o.a.j.t.JMeterThread: Thread is done: Thread Group Get Pet By ID 3-65
2025-08-11 19:41:15,527 INFO o.a.j.t.JMeterThread: Thread is done: Thread Group Get Pet By ID 3-10
2025-08-11 19:41:15,527 INFO o.a.j.t.JMeterThread: Thread finished: Thread Group Get Pet By ID 3-65
2025-08-11 19:41:15,527 INFO o.a.j.t.JMeterThread: Thread finished: Thread Group Get Pet By ID 3-10
2025-08-11 19:41:15,527 INFO o.a.j.t.JMeterThread: Thread is done: Thread Group Get Pet By ID 3-53
2025-08-11 19:41:15,527 INFO o.a.j.t.JMeterThread: Thread finished: Thread Group Get Pet By ID 3-1
2025-08-11 19:41:15,527 INFO o.a.j.t.JMeterThread: Thread finished: Thread Group Get Pet By ID 3-53
2025-08-11 19:41:15,528 INFO o.a.j.t.JMeterThread: Thread is done: Thread Group Add Pet 2-2
2025-08-11 19:41:15,528 INFO o.a.j.t.JMeterThread: Thread is done: Thread Group Get Pet By ID 3-50
2025-08-11 19:41:15,528 INFO o.a.j.t.JMeterThread: Thread finished: Thread Group Add Pet 2-2
2025-08-11 19:41:15,528 INFO o.a.j.t.JMeterThread: Thread finished: Thread Group Get Pet By ID 3-50
2025-08-11 19:41:15,528 INFO o.a.j.t.JMeterThread: Thread is done: Thread Group Get Pet By ID 3-60
2025-08-11 19:41:15,528 INFO o.a.j.t.JMeterThread: Thread finished: Thread Group Get Pet By ID 3-60
2025-08-11 19:41:15,528 INFO o.a.j.t.JMeterThread: Thread is done: Thread Group Get Pet By ID 3-33
2025-08-11 19:41:15,528 INFO o.a.j.t.JMeterThread: Thread finished: Thread Group Get Pet By ID 3-33
2025-08-11 19:41:15,529 INFO o.a.j.t.JMeterThread: Thread is done: Thread Group Get Pet By ID 3-49
2025-08-11 19:41:15,529 INFO o.a.j.t.JMeterThread: Thread finished: Thread Group Get Pet By ID 3-49
2025-08-11 19:41:15,533 INFO o.a.j.t.JMeterThread: Thread is done: Thread Group Get Pet By ID 3-28
2025-08-11 19:41:15,533 INFO o.a.j.t.JMeterThread: Thread is done: Thread Group Get Pet By ID 3-81
2025-08-11 19:41:15,533 INFO o.a.j.t.JMeterThread: Thread is done: Thread Group Get Pet By ID 3-25
2025-08-11 19:41:15,533 INFO o.a.j.t.JMeterThread: Thread finished: Thread Group Get Pet By ID 3-28
2025-08-11 19:41:15,533 INFO o.a.j.t.JMeterThread: Thread finished: Thread Group Get Pet By ID 3-25
2025-08-11 19:41:15,533 INFO o.a.j.t.JMeterThread: Thread finished: Thread Group Get Pet By ID 3-81
2025-08-11 19:41:15,533 INFO o.a.j.t.JMeterThread: Thread is done: Thread Group Get Pet By ID 3-55
2025-08-11 19:41:15,533 INFO o.a.j.t.JMeterThread: Thread finished: Thread Group Get Pet By ID 3-55
2025-08-11 19:41:15,533 INFO o.a.j.t.JMeterThread: Thread is done: Thread Group Add Pet 2-5
2025-08-11 19:41:15,533 INFO o.a.j.t.JMeterThread: Thread finished: Thread Group Add Pet 2-5
2025-08-11 19:41:15,533 INFO o.a.j.t.JMeterThread: Thread is done: Thread Group Get Pet By ID 3-70
2025-08-11 19:41:15,533 INFO o.a.j.t.JMeterThread: Thread finished: Thread Group Get Pet By ID 3-70
2025-08-11 19:41:15,534 INFO o.a.j.t.JMeterThread: Thread is done: Thread Group Get Pet By ID 3-59
2025-08-11 19:41:15,534 INFO o.a.j.t.JMeterThread: Thread finished: Thread Group Get Pet By ID 3-59
2025-08-11 19:41:15,534 INFO o.a.j.t.JMeterThread: Thread is done: Thread Group Add Pet 2-6
2025-08-11 19:41:15,534 INFO o.a.j.t.JMeterThread: Thread finished: Thread Group Add Pet 2-6
2025-08-11 19:41:15,534 INFO o.a.j.t.JMeterThread: Thread is done: Thread Group Get Pet By ID 3-63
2025-08-11 19:41:15,534 INFO o.a.j.t.JMeterThread: Thread finished: Thread Group Get Pet By ID 3-63
2025-08-11 19:41:15,534 INFO o.a.j.t.JMeterThread: Thread is done: Thread Group Get Pet By ID 3-76
2025-08-11 19:41:15,534 INFO o.a.j.t.JMeterThread: Thread finished: Thread Group Get Pet By ID 3-76
2025-08-11 19:41:15,534 INFO o.a.j.t.JMeterThread: Thread is done: Thread Group Get Pet By ID 3-40
2025-08-11 19:41:15,535 INFO o.a.j.t.JMeterThread: Thread finished: Thread Group Get Pet By ID 3-40
2025-08-11 19:41:15,535 INFO o.a.j.t.JMeterThread: Thread is done: Thread Group Get Pet By ID 3-54
2025-08-11 19:41:15,535 INFO o.a.j.t.JMeterThread: Thread is done: Thread Group Add Pet 2-4
2025-08-11 19:41:15,535 INFO o.a.j.t.JMeterThread: Thread finished: Thread Group Get Pet By ID 3-54
2025-08-11 19:41:15,535 INFO o.a.j.t.JMeterThread: Thread finished: Thread Group Add Pet 2-4
2025-08-11 19:41:15,535 INFO o.a.j.t.JMeterThread: Thread is done: Thread Group Get Pet By ID 3-74
2025-08-11 19:41:15,535 INFO o.a.j.t.JMeterThread: Thread finished: Thread Group Get Pet By ID 3-74
2025-08-11 19:41:15,535 INFO o.a.j.t.JMeterThread: Thread started: Thread Group Get Pet By ID 3-180
2025-08-11 19:41:15,536 INFO o.a.j.t.JMeterThread: Thread is done: Thread Group Get Pet By ID 3-64
2025-08-11 19:41:15,537 INFO o.a.j.t.JMeterThread: Thread finished: Thread Group Get Pet By ID 3-64
2025-08-11 19:41:15,537 INFO o.a.j.t.JMeterThread: Thread is done: Thread Group Add Pet 2-9
2025-08-11 19:41:15,537 INFO o.a.j.t.JMeterThread: Thread finished: Thread Group Add Pet 2-9
2025-08-11 19:41:15,537 INFO o.a.j.t.JMeterThread: Thread is done: Thread Group Get Pet By ID 3-62
2025-08-11 19:41:15,537 INFO o.a.j.t.JMeterThread: Thread finished: Thread Group Get Pet By ID 3-62
2025-08-11 19:41:15,537 INFO o.a.j.t.JMeterThread: Thread is done: Thread Group Get Pet By ID 3-61
2025-08-11 19:41:15,537 INFO o.a.j.t.JMeterThread: Thread is done: Thread Group Get Pet By ID 3-18
2025-08-11 19:41:15,537 INFO o.a.j.t.JMeterThread: Thread finished: Thread Group Get Pet By ID 3-61
2025-08-11 19:41:15,537 INFO o.a.j.t.JMeterThread: Thread finished: Thread Group Get Pet By ID 3-18
2025-08-11 19:41:15,538 INFO o.a.j.t.JMeterThread: Thread is done: Thread Group Get Pet By ID 3-31
2025-08-11 19:41:15,538 INFO o.a.j.t.JMeterThread: Thread finished: Thread Group Get Pet By ID 3-31
2025-08-11 19:41:15,538 INFO o.a.j.t.JMeterThread: Thread is done: Thread Group Get Pet By ID 3-77
2025-08-11 19:41:15,538 INFO o.a.j.t.JMeterThread: Thread is done: Thread Group Get Pet By ID 3-48
2025-08-11 19:41:15,538 INFO o.a.j.t.JMeterThread: Thread finished: Thread Group Get Pet By ID 3-77
2025-08-11 19:41:15,538 INFO o.a.j.t.JMeterThread: Thread finished: Thread Group Get Pet By ID 3-48
2025-08-11 19:41:15,538 INFO o.a.j.t.JMeterThread: Thread is done: Thread Group Add Pet 2-8
2025-08-11 19:41:15,538 INFO o.a.j.t.JMeterThread: Thread finished: Thread Group Add Pet 2-8
2025-08-11 19:41:15,538 INFO o.a.j.t.JMeterThread: Thread is done: Thread Group Get Pet By ID 3-71
2025-08-11 19:41:15,538 INFO o.a.j.t.JMeterThread: Thread finished: Thread Group Get Pet By ID 3-71
2025-08-11 19:41:15,538 INFO o.a.j.t.JMeterThread: Thread is done: Thread Group Get Pet By ID 3-39
2025-08-11 19:41:15,538 INFO o.a.j.t.JMeterThread: Thread finished: Thread Group Get Pet By ID 3-39
2025-08-11 19:41:15,538 INFO o.a.j.t.JMeterThread: Thread is done: Thread Group Add Pet 2-3
2025-08-11 19:41:15,538 INFO o.a.j.t.JMeterThread: Thread finished: Thread Group Add Pet 2-3
2025-08-11 19:41:15,539 INFO o.a.j.t.JMeterThread: Thread is done: Thread Group Get Pet By ID 3-83
2025-08-11 19:41:15,539 INFO o.a.j.t.JMeterThread: Thread finished: Thread Group Get Pet By ID 3-83
2025-08-11 19:41:15,543 INFO o.a.j.t.JMeterThread: Thread is done: Thread Group Get Pet By ID 3-57
2025-08-11 19:41:15,543 INFO o.a.j.t.JMeterThread: Thread is done: Thread Group Get Pet By ID 3-67
2025-08-11 19:41:15,543 INFO o.a.j.t.JMeterThread: Thread is done: Thread Group Get Pet By ID 3-72
2025-08-11 19:41:15,543 INFO o.a.j.t.JMeterThread: Thread finished: Thread Group Get Pet By ID 3-72
2025-08-11 19:41:15,543 INFO o.a.j.t.JMeterThread: Thread finished: Thread Group Get Pet By ID 3-57
2025-08-11 19:41:15,543 INFO o.a.j.t.JMeterThread: Thread finished: Thread Group Get Pet By ID 3-67
2025-08-11 19:41:15,544 INFO o.a.j.t.JMeterThread: Thread started: Thread Group Get Pet By ID 3-181
2025-08-11 19:41:15,545 INFO o.a.j.t.JMeterThread: Thread is done: Thread Group Get Pet By ID 3-32
2025-08-11 19:41:15,545 INFO o.a.j.t.JMeterThread: Thread finished: Thread Group Get Pet By ID 3-32
2025-08-11 19:41:15,545 INFO o.a.j.t.JMeterThread: Thread is done: Thread Group Get Pet By ID 3-20
2025-08-11 19:41:15,545 INFO o.a.j.t.JMeterThread: Thread finished: Thread Group Get Pet By ID 3-20
2025-08-11 19:41:15,545 INFO o.a.j.t.JMeterThread: Thread is done: Thread Group Get Pet By ID 3-80
2025-08-11 19:41:15,545 INFO o.a.j.t.JMeterThread: Thread finished: Thread Group Get Pet By ID 3-80
2025-08-11 19:41:15,545 INFO o.a.j.t.JMeterThread: Thread is done: Thread Group Get Pet By ID 3-51
2025-08-11 19:41:15,545 INFO o.a.j.t.JMeterThread: Thread finished: Thread Group Get Pet By ID 3-51
2025-08-11 19:41:15,548 INFO o.a.j.t.JMeterThread: Thread is done: Thread Group Get Pet By ID 3-82
2025-08-11 19:41:15,548 INFO o.a.j.t.JMeterThread: Thread is done: Thread Group Get Pet By ID 3-30
2025-08-11 19:41:15,548 INFO o.a.j.t.JMeterThread: Thread finished: Thread Group Get Pet By ID 3-82
2025-08-11 19:41:15,548 INFO o.a.j.t.JMeterThread: Thread finished: Thread Group Get Pet By ID 3-30
2025-08-11 19:41:15,548 INFO o.a.j.t.JMeterThread: Thread is done: Thread Group Get Pet By ID 3-85
2025-08-11 19:41:15,549 INFO o.a.j.t.JMeterThread: Thread finished: Thread Group Get Pet By ID 3-85
2025-08-11 19:41:15,549 INFO o.a.j.t.JMeterThread: Thread is done: Thread Group Get Pet By ID 3-78
2025-08-11 19:41:15,549 INFO o.a.j.t.JMeterThread: Thread finished: Thread Group Get Pet By ID 3-78
2025-08-11 19:41:15,550 INFO o.a.j.t.JMeterThread: Thread is done: Thread Group Get Pet By ID 3-68
2025-08-11 19:41:15,550 INFO o.a.j.t.JMeterThread: Thread finished: Thread Group Get Pet By ID 3-68
2025-08-11 19:41:15,551 INFO o.a.j.t.JMeterThread: Thread is done: Thread Group Get Pet By ID 3-43
2025-08-11 19:41:15,551 INFO o.a.j.t.JMeterThread: Thread finished: Thread Group Get Pet By ID 3-43
2025-08-11 19:41:15,552 INFO o.a.j.t.JMeterThread: Thread is done: Thread Group Get Pet By ID 3-29
2025-08-11 19:41:15,552 INFO o.a.j.t.JMeterThread: Thread is done: Thread Group Get Pet By ID 3-66
2025-08-11 19:41:15,552 INFO o.a.j.t.JMeterThread: Thread finished: Thread Group Get Pet By ID 3-29
2025-08-11 19:41:15,552 INFO o.a.j.t.JMeterThread: Thread finished: Thread Group Get Pet By ID 3-66
2025-08-11 19:41:15,552 INFO o.a.j.t.JMeterThread: Thread is done: Thread Group Get Pet By ID 3-58
2025-08-11 19:41:15,552 INFO o.a.j.t.JMeterThread: Thread finished: Thread Group Get Pet By ID 3-58
2025-08-11 19:41:15,552 INFO o.a.j.t.JMeterThread: Thread is done: Thread Group Get Pet By ID 3-9
2025-08-11 19:41:15,552 INFO o.a.j.t.JMeterThread: Thread finished: Thread Group Get Pet By ID 3-9
2025-08-11 19:41:15,554 INFO o.a.j.t.JMeterThread: Thread started: Thread Group Get Pet By ID 3-182
2025-08-11 19:41:15,558 INFO o.a.j.t.JMeterThread: Thread started: Thread Group Get Pet By ID 3-183
2025-08-11 19:41:15,568 INFO o.a.j.t.JMeterThread: Thread started: Thread Group Get Pet By ID 3-184
2025-08-11 19:41:15,578 INFO o.a.j.t.JMeterThread: Thread started: Thread Group Get Pet By ID 3-185
2025-08-11 19:41:15,581 INFO o.a.j.t.JMeterThread: Thread started: Thread Group Add Pet 2-20
2025-08-11 19:41:15,588 INFO o.a.j.t.JMeterThread: Thread started: Thread Group Get Pet By ID 3-186
2025-08-11 19:41:15,603 INFO o.a.j.t.JMeterThread: Thread started: Thread Group Get Pet By ID 3-187
2025-08-11 19:41:15,605 INFO o.a.j.t.JMeterThread: Thread started: Thread Group Get Pet By ID 3-188
2025-08-11 19:41:15,617 INFO o.a.j.t.JMeterThread: Thread started: Thread Group Get Pet By ID 3-189
2025-08-11 19:41:15,625 INFO o.a.j.t.JMeterThread: Thread started: Thread Group Get Pet By ID 3-190
2025-08-11 19:41:15,642 INFO o.a.j.t.JMeterThread: Thread started: Thread Group Get Pet By ID 3-191
2025-08-11 19:41:15,652 INFO o.a.j.t.JMeterThread: Thread started: Thread Group Get Pet By ID 3-192
2025-08-11 19:41:15,662 INFO o.a.j.t.JMeterThread: Thread started: Thread Group Get Pet By ID 3-193
2025-08-11 19:41:15,672 INFO o.a.j.t.JMeterThread: Thread started: Thread Group Get Pet By ID 3-194
2025-08-11 19:41:15,681 INFO o.a.j.t.JMeterThread: Thread started: Thread Group Get Pet By ID 3-195
2025-08-11 19:41:15,683 INFO o.a.j.t.JMeterThread: Thread started: Thread Group Add Pet 2-21
2025-08-11 19:41:15,684 INFO o.a.j.t.JMeterThread: Thread started: Thread Group Get Pet By ID 3-196
2025-08-11 19:41:15,695 INFO o.a.j.t.JMeterThread: Thread started: Thread Group Get Pet By ID 3-197
2025-08-11 19:41:15,700 INFO o.a.j.t.JMeterThread: Thread is done: Thread Group Get Pet By ID 3-99
2025-08-11 19:41:15,700 INFO o.a.j.t.JMeterThread: Thread is done: Thread Group Get Pet By ID 3-90
2025-08-11 19:41:15,700 INFO o.a.j.t.JMeterThread: Thread finished: Thread Group Get Pet By ID 3-99
2025-08-11 19:41:15,700 INFO o.a.j.t.JMeterThread: Thread finished: Thread Group Get Pet By ID 3-90
2025-08-11 19:41:15,700 INFO o.a.j.t.JMeterThread: Thread is done: Thread Group Get Pet By ID 3-96
2025-08-11 19:41:15,700 INFO o.a.j.t.JMeterThread: Thread is done: Thread Group Get Pet By ID 3-94
2025-08-11 19:41:15,700 INFO o.a.j.t.JMeterThread: Thread finished: Thread Group Get Pet By ID 3-96
2025-08-11 19:41:15,701 INFO o.a.j.t.JMeterThread: Thread finished: Thread Group Get Pet By ID 3-94
2025-08-11 19:41:15,704 INFO o.a.j.t.JMeterThread: Thread started: Thread Group Get Pet By ID 3-198
2025-08-11 19:41:15,714 INFO o.a.j.t.JMeterThread: Thread started: Thread Group Get Pet By ID 3-199
2025-08-11 19:41:15,716 INFO o.a.j.t.JMeterThread: Thread is done: Thread Group Get Pet By ID 3-105
2025-08-11 19:41:15,716 INFO o.a.j.t.JMeterThread: Thread finished: Thread Group Get Pet By ID 3-105
2025-08-11 19:41:15,719 INFO o.a.j.t.JMeterThread: Thread is done: Thread Group Get Pet By ID 3-100
2025-08-11 19:41:15,719 INFO o.a.j.t.JMeterThread: Thread finished: Thread Group Get Pet By ID 3-100
2025-08-11 19:41:15,719 INFO o.a.j.t.JMeterThread: Thread is done: Thread Group Get Pet By ID 3-109
2025-08-11 19:41:15,719 INFO o.a.j.t.JMeterThread: Thread finished: Thread Group Get Pet By ID 3-109
2025-08-11 19:41:15,720 INFO o.a.j.t.JMeterThread: Thread is done: Thread Group Get Pet By ID 3-95
2025-08-11 19:41:15,720 INFO o.a.j.t.JMeterThread: Thread finished: Thread Group Get Pet By ID 3-95
2025-08-11 19:41:15,722 INFO o.a.j.t.JMeterThread: Thread is done: Thread Group Get Pet By ID 3-92
2025-08-11 19:41:15,722 INFO o.a.j.t.JMeterThread: Thread finished: Thread Group Get Pet By ID 3-92
2025-08-11 19:41:15,724 INFO o.a.j.t.JMeterThread: Thread started: Thread Group Get Pet By ID 3-200
2025-08-11 19:41:15,724 INFO o.a.j.t.JMeterThread: Thread is done: Thread Group Get Pet By ID 3-98
2025-08-11 19:41:15,724 INFO o.a.j.t.JMeterThread: Thread finished: Thread Group Get Pet By ID 3-98
2025-08-11 19:41:15,724 INFO o.a.j.t.JMeterThread: Thread is done: Thread Group Get Pet By ID 3-89
2025-08-11 19:41:15,724 INFO o.a.j.t.JMeterThread: Thread finished: Thread Group Get Pet By ID 3-89
2025-08-11 19:41:15,724 INFO o.a.j.t.JMeterThread: Thread is done: Thread Group Get Pet By ID 3-86
2025-08-11 19:41:15,724 INFO o.a.j.t.JMeterThread: Thread finished: Thread Group Get Pet By ID 3-86
2025-08-11 19:41:15,724 INFO o.a.j.t.JMeterThread: Thread is done: Thread Group Get Pet By ID 3-102
2025-08-11 19:41:15,724 INFO o.a.j.t.JMeterThread: Thread is done: Thread Group Get Pet By ID 3-111
2025-08-11 19:41:15,733 INFO o.a.j.t.JMeterThread: Thread finished: Thread Group Get Pet By ID 3-102
2025-08-11 19:41:15,733 INFO o.a.j.t.JMeterThread: Thread is done: Thread Group Get Pet By ID 3-106
2025-08-11 19:41:15,733 INFO o.a.j.t.JMeterThread: Thread finished: Thread Group Get Pet By ID 3-106
2025-08-11 19:41:15,733 INFO o.a.j.t.JMeterThread: Thread finished: Thread Group Get Pet By ID 3-111
2025-08-11 19:41:15,724 INFO o.a.j.t.JMeterThread: Thread is done: Thread Group Get Pet By ID 3-113
2025-08-11 19:41:15,734 INFO o.a.j.t.JMeterThread: Thread finished: Thread Group Get Pet By ID 3-113
2025-08-11 19:41:15,734 INFO o.a.j.t.JMeterThread: Thread is done: Thread Group Get Pet By ID 3-103
2025-08-11 19:41:15,735 INFO o.a.j.t.JMeterThread: Thread finished: Thread Group Get Pet By ID 3-103
2025-08-11 19:41:15,734 INFO o.a.j.t.JMeterThread: Thread is done: Thread Group Add Pet 2-10
2025-08-11 19:41:15,735 INFO o.a.j.t.JMeterThread: Thread finished: Thread Group Add Pet 2-10
2025-08-11 19:41:15,735 INFO o.a.j.t.JMeterThread: Thread is done: Thread Group Get Pet By ID 3-88
2025-08-11 19:41:15,735 INFO o.a.j.t.JMeterThread: Thread finished: Thread Group Get Pet By ID 3-88
2025-08-11 19:41:15,735 INFO o.a.j.t.JMeterThread: Thread is done: Thread Group Add Pet 2-11
2025-08-11 19:41:15,735 INFO o.a.j.t.JMeterThread: Thread finished: Thread Group Add Pet 2-11
2025-08-11 19:41:15,735 INFO o.a.j.t.JMeterThread: Thread is done: Thread Group Get Pet By ID 3-87
2025-08-11 19:41:15,735 INFO o.a.j.t.JMeterThread: Thread is done: Thread Group Get Pet By ID 3-108
2025-08-11 19:41:15,735 INFO o.a.j.t.JMeterThread: Thread is done: Thread Group Add Pet 2-12
2025-08-11 19:41:15,737 INFO o.a.j.t.JMeterThread: Thread finished: Thread Group Get Pet By ID 3-87
2025-08-11 19:41:15,737 INFO o.a.j.t.JMeterThread: Thread finished: Thread Group Add Pet 2-12
2025-08-11 19:41:15,737 INFO o.a.j.t.JMeterThread: Thread finished: Thread Group Get Pet By ID 3-108
2025-08-11 19:41:15,737 INFO o.a.j.t.JMeterThread: Thread is done: Thread Group Get Pet By ID 3-112
2025-08-11 19:41:15,737 INFO o.a.j.t.JMeterThread: Thread is done: Thread Group Get Pet By ID 3-110
2025-08-11 19:41:15,739 INFO o.a.j.t.JMeterThread: Thread finished: Thread Group Get Pet By ID 3-112
2025-08-11 19:41:15,739 INFO o.a.j.t.JMeterThread: Thread is done: Thread Group Get Pet By ID 3-104
2025-08-11 19:41:15,739 INFO o.a.j.t.JMeterThread: Thread finished: Thread Group Get Pet By ID 3-104
2025-08-11 19:41:15,739 INFO o.a.j.t.JMeterThread: Thread finished: Thread Group Get Pet By ID 3-110
2025-08-11 19:41:15,739 INFO o.a.j.t.JMeterThread: Thread is done: Thread Group Get Pet By ID 3-97
2025-08-11 19:41:15,739 INFO o.a.j.t.JMeterThread: Thread finished: Thread Group Get Pet By ID 3-97
2025-08-11 19:41:15,739 INFO o.a.j.t.JMeterThread: Thread is done: Thread Group Get Pet By ID 3-91
2025-08-11 19:41:15,739 INFO o.a.j.t.JMeterThread: Thread finished: Thread Group Get Pet By ID 3-91
2025-08-11 19:41:15,739 INFO o.a.j.t.JMeterThread: Thread is done: Thread Group Get Pet By ID 3-93
2025-08-11 19:41:15,739 INFO o.a.j.t.JMeterThread: Thread finished: Thread Group Get Pet By ID 3-93
2025-08-11 19:41:15,739 INFO o.a.j.t.JMeterThread: Thread is done: Thread Group Get Pet By ID 3-107
2025-08-11 19:41:15,739 INFO o.a.j.t.JMeterThread: Thread finished: Thread Group Get Pet By ID 3-107
2025-08-11 19:41:15,752 INFO o.a.j.t.JMeterThread: Thread is done: Thread Group Get Pet By ID 3-101
2025-08-11 19:41:15,752 INFO o.a.j.t.JMeterThread: Thread finished: Thread Group Get Pet By ID 3-101
2025-08-11 19:41:15,752 INFO o.a.j.t.JMeterThread: Thread is done: Thread Group Get Pet By ID 3-116
2025-08-11 19:41:15,752 INFO o.a.j.t.JMeterThread: Thread finished: Thread Group Get Pet By ID 3-116
2025-08-11 19:41:15,752 INFO o.a.j.t.JMeterThread: Thread is done: Thread Group Get Pet By ID 3-115
2025-08-11 19:41:15,752 INFO o.a.j.t.JMeterThread: Thread finished: Thread Group Get Pet By ID 3-115
2025-08-11 19:41:15,752 INFO o.a.j.t.JMeterThread: Thread is done: Thread Group Get Pet By ID 3-114
2025-08-11 19:41:15,752 INFO o.a.j.t.JMeterThread: Thread finished: Thread Group Get Pet By ID 3-114
2025-08-11 19:41:15,834 INFO o.a.j.t.JMeterThread: Thread is done: Thread Group Add Pet 2-13
2025-08-11 19:41:15,842 INFO o.a.j.t.JMeterThread: Thread finished: Thread Group Add Pet 2-13
2025-08-11 19:41:15,834 INFO o.a.j.t.JMeterThread: Thread is done: Thread Group Get Pet By ID 3-117
2025-08-11 19:41:15,842 INFO o.a.j.t.JMeterThread: Thread finished: Thread Group Get Pet By ID 3-117
2025-08-11 19:41:15,842 INFO o.a.j.t.JMeterThread: Thread is done: Thread Group Get Pet By ID 3-120
2025-08-11 19:41:15,842 INFO o.a.j.t.JMeterThread: Thread finished: Thread Group Get Pet By ID 3-120
2025-08-11 19:41:15,858 INFO o.a.j.t.JMeterThread: Thread is done: Thread Group Get Pet By ID 3-124
2025-08-11 19:41:15,858 INFO o.a.j.t.JMeterThread: Thread finished: Thread Group Get Pet By ID 3-124
2025-08-11 19:41:15,874 INFO o.a.j.t.JMeterThread: Thread is done: Thread Group Get Pet By ID 3-134
2025-08-11 19:41:15,874 INFO o.a.j.t.JMeterThread: Thread finished: Thread Group Get Pet By ID 3-134
2025-08-11 19:41:15,874 INFO o.a.j.t.JMeterThread: Thread is done: Thread Group Get Pet By ID 3-132
2025-08-11 19:41:15,874 INFO o.a.j.t.JMeterThread: Thread finished: Thread Group Get Pet By ID 3-132
2025-08-11 19:41:15,874 INFO o.a.j.t.JMeterThread: Thread is done: Thread Group Get Pet By ID 3-129
2025-08-11 19:41:15,874 INFO o.a.j.t.JMeterThread: Thread finished: Thread Group Get Pet By ID 3-129
2025-08-11 19:41:15,890 INFO o.a.j.t.JMeterThread: Thread is done: Thread Group Add Pet 2-15
2025-08-11 19:41:15,890 INFO o.a.j.t.JMeterThread: Thread finished: Thread Group Add Pet 2-15
2025-08-11 19:41:15,906 INFO o.a.j.t.JMeterThread: Thread is done: Thread Group Get Pet By ID 3-146
2025-08-11 19:41:15,906 INFO o.a.j.t.JMeterThread: Thread finished: Thread Group Get Pet By ID 3-146
2025-08-11 19:41:15,906 INFO o.a.j.t.JMeterThread: Thread is done: Thread Group Get Pet By ID 3-147
2025-08-11 19:41:15,906 INFO o.a.j.t.JMeterThread: Thread finished: Thread Group Get Pet By ID 3-147
2025-08-11 19:41:15,906 INFO o.a.j.t.JMeterThread: Thread is done: Thread Group Get Pet By ID 3-123
2025-08-11 19:41:15,906 INFO o.a.j.t.JMeterThread: Thread is done: Thread Group Get Pet By ID 3-125
2025-08-11 19:41:15,906 INFO o.a.j.t.JMeterThread: Thread is done: Thread Group Get Pet By ID 3-139
2025-08-11 19:41:15,906 INFO o.a.j.t.JMeterThread: Thread is done: Thread Group Get Pet By ID 3-133
2025-08-11 19:41:15,913 INFO o.a.j.t.JMeterThread: Thread finished: Thread Group Get Pet By ID 3-125
2025-08-11 19:41:15,913 INFO o.a.j.t.JMeterThread: Thread is done: Thread Group Get Pet By ID 3-128
2025-08-11 19:41:15,913 INFO o.a.j.t.JMeterThread: Thread finished: Thread Group Get Pet By ID 3-139
2025-08-11 19:41:15,913 INFO o.a.j.t.JMeterThread: Thread finished: Thread Group Get Pet By ID 3-123
2025-08-11 19:41:15,913 INFO o.a.j.t.JMeterThread: Thread finished: Thread Group Get Pet By ID 3-133
2025-08-11 19:41:15,913 INFO o.a.j.t.JMeterThread: Thread finished: Thread Group Get Pet By ID 3-128
2025-08-11 19:41:15,913 INFO o.a.j.t.JMeterThread: Thread is done: Thread Group Get Pet By ID 3-127
2025-08-11 19:41:15,913 INFO o.a.j.t.JMeterThread: Thread finished: Thread Group Get Pet By ID 3-127
2025-08-11 19:41:15,913 INFO o.a.j.t.JMeterThread: Thread is done: Thread Group Get Pet By ID 3-121
2025-08-11 19:41:15,913 INFO o.a.j.t.JMeterThread: Thread finished: Thread Group Get Pet By ID 3-121
2025-08-11 19:41:15,913 INFO o.a.j.t.JMeterThread: Thread is done: Thread Group Get Pet By ID 3-118
2025-08-11 19:41:15,913 INFO o.a.j.t.JMeterThread: Thread finished: Thread Group Get Pet By ID 3-118
2025-08-11 19:41:15,913 INFO o.a.j.t.JMeterThread: Thread is done: Thread Group Get Pet By ID 3-138
2025-08-11 19:41:15,913 INFO o.a.j.t.JMeterThread: Thread finished: Thread Group Get Pet By ID 3-138
2025-08-11 19:41:15,916 INFO o.a.j.t.JMeterThread: Thread is done: Thread Group Get Pet By ID 3-126
2025-08-11 19:41:15,916 INFO o.a.j.t.JMeterThread: Thread finished: Thread Group Get Pet By ID 3-126
2025-08-11 19:41:15,916 INFO o.a.j.t.JMeterThread: Thread is done: Thread Group Get Pet By ID 3-122
2025-08-11 19:41:15,921 INFO o.a.j.t.JMeterThread: Thread finished: Thread Group Get Pet By ID 3-122
2025-08-11 19:41:15,921 INFO o.a.j.t.JMeterThread: Thread is done: Thread Group Add Pet 2-14
2025-08-11 19:41:15,921 INFO o.a.j.t.JMeterThread: Thread finished: Thread Group Add Pet 2-14
2025-08-11 19:41:15,921 INFO o.a.j.t.JMeterThread: Thread is done: Thread Group Get Pet By ID 3-150
2025-08-11 19:41:15,921 INFO o.a.j.t.JMeterThread: Thread finished: Thread Group Get Pet By ID 3-150
2025-08-11 19:41:15,926 INFO o.a.j.t.JMeterThread: Thread is done: Thread Group Get Pet By ID 3-140
2025-08-11 19:41:15,926 INFO o.a.j.t.JMeterThread: Thread is done: Thread Group Get Pet By ID 3-135
2025-08-11 19:41:15,926 INFO o.a.j.t.JMeterThread: Thread is done: Thread Group Get Pet By ID 3-141
2025-08-11 19:41:15,926 INFO o.a.j.t.JMeterThread: Thread is done: Thread Group Get Pet By ID 3-153
2025-08-11 19:41:15,926 INFO o.a.j.t.JMeterThread: Thread finished: Thread Group Get Pet By ID 3-141
2025-08-11 19:41:15,926 INFO o.a.j.t.JMeterThread: Thread finished: Thread Group Get Pet By ID 3-135
2025-08-11 19:41:15,926 INFO o.a.j.t.JMeterThread: Thread finished: Thread Group Get Pet By ID 3-153
2025-08-11 19:41:15,926 INFO o.a.j.t.JMeterThread: Thread is done: Thread Group Get Pet By ID 3-131
2025-08-11 19:41:15,926 INFO o.a.j.t.JMeterThread: Thread finished: Thread Group Get Pet By ID 3-140
2025-08-11 19:41:15,926 INFO o.a.j.t.JMeterThread: Thread finished: Thread Group Get Pet By ID 3-131
2025-08-11 19:41:15,926 INFO o.a.j.t.JMeterThread: Thread is done: Thread Group Get Pet By ID 3-145
2025-08-11 19:41:15,926 INFO o.a.j.t.JMeterThread: Thread finished: Thread Group Get Pet By ID 3-145
2025-08-11 19:41:15,926 INFO o.a.j.t.JMeterThread: Thread is done: Thread Group Get Pet By ID 3-130
2025-08-11 19:41:15,926 INFO o.a.j.t.JMeterThread: Thread is done: Thread Group Pet Auth 1-1
2025-08-11 19:41:15,927 INFO o.a.j.t.JMeterThread: Thread finished: Thread Group Pet Auth 1-1
2025-08-11 19:41:15,926 INFO o.a.j.t.JMeterThread: Thread finished: Thread Group Get Pet By ID 3-130
2025-08-11 19:41:15,927 INFO o.a.j.t.JMeterThread: Thread is done: Thread Group Get Pet By ID 3-149
2025-08-11 19:41:15,927 INFO o.a.j.t.JMeterThread: Thread finished: Thread Group Get Pet By ID 3-149
2025-08-11 19:41:15,927 INFO o.a.j.t.JMeterThread: Thread is done: Thread Group Get Pet By ID 3-143
2025-08-11 19:41:15,927 INFO o.a.j.t.JMeterThread: Thread is done: Thread Group Get Pet By ID 3-142
2025-08-11 19:41:15,927 INFO o.a.j.t.JMeterThread: Thread finished: Thread Group Get Pet By ID 3-143
2025-08-11 19:41:15,927 INFO o.a.j.t.JMeterThread: Thread finished: Thread Group Get Pet By ID 3-142
2025-08-11 19:41:15,927 INFO o.a.j.t.JMeterThread: Thread is done: Thread Group Get Pet By ID 3-137
2025-08-11 19:41:15,927 INFO o.a.j.t.JMeterThread: Thread is done: Thread Group Get Pet By ID 3-136
2025-08-11 19:41:15,927 INFO o.a.j.t.JMeterThread: Thread is done: Thread Group Get Pet By ID 3-119
2025-08-11 19:41:15,930 INFO o.a.j.t.JMeterThread: Thread is done: Thread Group Get Pet By ID 3-144
2025-08-11 19:41:15,930 INFO o.a.j.t.JMeterThread: Thread is done: Thread Group Get Pet By ID 3-148
2025-08-11 19:41:15,930 INFO o.a.j.t.JMeterThread: Thread finished: Thread Group Get Pet By ID 3-119
2025-08-11 19:41:15,930 INFO o.a.j.t.JMeterThread: Thread finished: Thread Group Get Pet By ID 3-136
2025-08-11 19:41:15,930 INFO o.a.j.t.JMeterThread: Thread finished: Thread Group Get Pet By ID 3-148
2025-08-11 19:41:15,930 INFO o.a.j.t.JMeterThread: Thread finished: Thread Group Get Pet By ID 3-144
2025-08-11 19:41:15,930 INFO o.a.j.t.JMeterThread: Thread finished: Thread Group Get Pet By ID 3-137
2025-08-11 19:41:15,930 INFO o.a.j.t.JMeterThread: Thread is done: Thread Group Get Pet By ID 3-151
2025-08-11 19:41:15,930 INFO o.a.j.t.JMeterThread: Thread finished: Thread Group Get Pet By ID 3-151
2025-08-11 19:41:15,930 INFO o.a.j.t.JMeterThread: Thread is done: Thread Group Add Pet 2-16
2025-08-11 19:41:15,930 INFO o.a.j.t.JMeterThread: Thread finished: Thread Group Add Pet 2-16
2025-08-11 19:41:15,930 INFO o.a.j.t.JMeterThread: Thread is done: Thread Group Get Pet By ID 3-154
2025-08-11 19:41:15,930 INFO o.a.j.t.JMeterThread: Thread is done: Thread Group Get Pet By ID 3-152
2025-08-11 19:41:15,937 INFO o.a.j.t.JMeterThread: Thread finished: Thread Group Get Pet By ID 3-154
2025-08-11 19:41:15,937 INFO o.a.j.t.JMeterThread: Thread finished: Thread Group Get Pet By ID 3-152
2025-08-11 19:41:15,953 INFO o.a.j.t.JMeterThread: Thread is done: Thread Group Get Pet By ID 3-156
2025-08-11 19:41:15,953 INFO o.a.j.t.JMeterThread: Thread finished: Thread Group Get Pet By ID 3-156
2025-08-11 19:41:15,964 INFO o.a.j.t.JMeterThread: Thread is done: Thread Group Get Pet By ID 3-155
2025-08-11 19:41:15,964 INFO o.a.j.t.JMeterThread: Thread finished: Thread Group Get Pet By ID 3-155
2025-08-11 19:41:16,020 INFO o.a.j.t.JMeterThread: Thread is done: Thread Group Get Pet By ID 3-158
2025-08-11 19:41:16,020 INFO o.a.j.t.JMeterThread: Thread finished: Thread Group Get Pet By ID 3-158
2025-08-11 19:41:16,020 INFO o.a.j.t.JMeterThread: Thread is done: Thread Group Get Pet By ID 3-157
2025-08-11 19:41:16,020 INFO o.a.j.t.JMeterThread: Thread finished: Thread Group Get Pet By ID 3-157
2025-08-11 19:41:16,068 INFO o.a.j.t.JMeterThread: Thread is done: Thread Group Get Pet By ID 3-159
2025-08-11 19:41:16,068 INFO o.a.j.t.JMeterThread: Thread finished: Thread Group Get Pet By ID 3-159
2025-08-11 19:41:16,068 INFO o.a.j.t.JMeterThread: Thread is done: Thread Group Add Pet 2-17
2025-08-11 19:41:16,068 INFO o.a.j.t.JMeterThread: Thread finished: Thread Group Add Pet 2-17
2025-08-11 19:41:16,080 INFO o.a.j.t.JMeterThread: Thread is done: Thread Group Add Pet 2-18
2025-08-11 19:41:16,080 INFO o.a.j.t.JMeterThread: Thread finished: Thread Group Add Pet 2-18
2025-08-11 19:41:16,080 INFO o.a.j.t.JMeterThread: Thread is done: Thread Group Get Pet By ID 3-163
2025-08-11 19:41:16,080 INFO o.a.j.t.JMeterThread: Thread finished: Thread Group Get Pet By ID 3-163
2025-08-11 19:41:16,080 INFO o.a.j.t.JMeterThread: Thread is done: Thread Group Get Pet By ID 3-169
2025-08-11 19:41:16,080 INFO o.a.j.t.JMeterThread: Thread finished: Thread Group Get Pet By ID 3-169
2025-08-11 19:41:16,096 INFO o.a.j.t.JMeterThread: Thread is done: Thread Group Get Pet By ID 3-170
2025-08-11 19:41:16,096 INFO o.a.j.t.JMeterThread: Thread finished: Thread Group Get Pet By ID 3-170
2025-08-11 19:41:16,096 INFO o.a.j.t.JMeterThread: Thread is done: Thread Group Get Pet By ID 3-161
2025-08-11 19:41:16,096 INFO o.a.j.t.JMeterThread: Thread finished: Thread Group Get Pet By ID 3-161
2025-08-11 19:41:16,096 INFO o.a.j.t.JMeterThread: Thread is done: Thread Group Get Pet By ID 3-160
2025-08-11 19:41:16,096 INFO o.a.j.t.JMeterThread: Thread finished: Thread Group Get Pet By ID 3-160
2025-08-11 19:41:16,096 INFO o.a.j.t.JMeterThread: Thread is done: Thread Group Get Pet By ID 3-167
2025-08-11 19:41:16,096 INFO o.a.j.t.JMeterThread: Thread finished: Thread Group Get Pet By ID 3-167
2025-08-11 19:41:16,096 INFO o.a.j.t.JMeterThread: Thread is done: Thread Group Get Pet By ID 3-162
2025-08-11 19:41:16,096 INFO o.a.j.t.JMeterThread: Thread finished: Thread Group Get Pet By ID 3-162
2025-08-11 19:41:16,096 INFO o.a.j.t.JMeterThread: Thread is done: Thread Group Get Pet By ID 3-171
2025-08-11 19:41:16,096 INFO o.a.j.t.JMeterThread: Thread finished: Thread Group Get Pet By ID 3-171
2025-08-11 19:41:16,096 INFO o.a.j.t.JMeterThread: Thread is done: Thread Group Get Pet By ID 3-166
2025-08-11 19:41:16,096 INFO o.a.j.t.JMeterThread: Thread finished: Thread Group Get Pet By ID 3-166
2025-08-11 19:41:16,112 INFO o.a.j.t.JMeterThread: Thread is done: Thread Group Get Pet By ID 3-168
2025-08-11 19:41:16,112 INFO o.a.j.t.JMeterThread: Thread finished: Thread Group Get Pet By ID 3-168
2025-08-11 19:41:16,112 INFO o.a.j.t.JMeterThread: Thread is done: Thread Group Get Pet By ID 3-165
2025-08-11 19:41:16,112 INFO o.a.j.t.JMeterThread: Thread finished: Thread Group Get Pet By ID 3-165
2025-08-11 19:41:16,112 INFO o.a.j.t.JMeterThread: Thread is done: Thread Group Get Pet By ID 3-164
2025-08-11 19:41:16,112 INFO o.a.j.t.JMeterThread: Thread finished: Thread Group Get Pet By ID 3-164
2025-08-11 19:41:16,112 INFO o.a.j.t.JMeterThread: Thread is done: Thread Group Get Pet By ID 3-172
2025-08-11 19:41:16,112 INFO o.a.j.t.JMeterThread: Thread is done: Thread Group Get Pet By ID 3-173
2025-08-11 19:41:16,125 INFO o.a.j.t.JMeterThread: Thread finished: Thread Group Get Pet By ID 3-172
2025-08-11 19:41:16,125 INFO o.a.j.t.JMeterThread: Thread finished: Thread Group Get Pet By ID 3-173
2025-08-11 19:41:16,141 INFO o.a.j.t.JMeterThread: Thread is done: Thread Group Add Pet 2-19
2025-08-11 19:41:16,141 INFO o.a.j.t.JMeterThread: Thread finished: Thread Group Add Pet 2-19
2025-08-11 19:41:16,148 INFO o.a.j.t.JMeterThread: Thread is done: Thread Group Get Pet By ID 3-175
2025-08-11 19:41:16,148 INFO o.a.j.t.JMeterThread: Thread finished: Thread Group Get Pet By ID 3-175
2025-08-11 19:41:16,156 INFO o.a.j.t.JMeterThread: Thread is done: Thread Group Get Pet By ID 3-178
2025-08-11 19:41:16,156 INFO o.a.j.t.JMeterThread: Thread finished: Thread Group Get Pet By ID 3-178
2025-08-11 19:41:16,172 INFO o.a.j.t.JMeterThread: Thread is done: Thread Group Get Pet By ID 3-176
2025-08-11 19:41:16,172 INFO o.a.j.t.JMeterThread: Thread finished: Thread Group Get Pet By ID 3-176
2025-08-11 19:41:16,177 INFO o.a.j.t.JMeterThread: Thread is done: Thread Group Get Pet By ID 3-174
2025-08-11 19:41:16,177 INFO o.a.j.t.JMeterThread: Thread finished: Thread Group Get Pet By ID 3-174
2025-08-11 19:41:16,177 INFO o.a.j.t.JMeterThread: Thread is done: Thread Group Get Pet By ID 3-177
2025-08-11 19:41:16,177 INFO o.a.j.t.JMeterThread: Thread finished: Thread Group Get Pet By ID 3-177
2025-08-11 19:41:16,188 INFO o.a.j.t.JMeterThread: Thread is done: Thread Group Get Pet By ID 3-179
2025-08-11 19:41:16,188 INFO o.a.j.t.JMeterThread: Thread finished: Thread Group Get Pet By ID 3-179
2025-08-11 19:41:16,252 INFO o.a.j.t.JMeterThread: Thread is done: Thread Group Get Pet By ID 3-183
2025-08-11 19:41:16,252 INFO o.a.j.t.JMeterThread: Thread finished: Thread Group Get Pet By ID 3-183
2025-08-11 19:41:16,252 INFO o.a.j.t.JMeterThread: Thread is done: Thread Group Get Pet By ID 3-182
2025-08-11 19:41:16,252 INFO o.a.j.t.JMeterThread: Thread finished: Thread Group Get Pet By ID 3-182
2025-08-11 19:41:16,252 INFO o.a.j.t.JMeterThread: Thread is done: Thread Group Get Pet By ID 3-185
2025-08-11 19:41:16,252 INFO o.a.j.t.JMeterThread: Thread finished: Thread Group Get Pet By ID 3-185
2025-08-11 19:41:16,267 INFO o.a.j.t.JMeterThread: Thread is done: Thread Group Get Pet By ID 3-187
2025-08-11 19:41:16,267 INFO o.a.j.t.JMeterThread: Thread finished: Thread Group Get Pet By ID 3-187
2025-08-11 19:41:16,267 INFO o.a.j.t.JMeterThread: Thread is done: Thread Group Get Pet By ID 3-188
2025-08-11 19:41:16,267 INFO o.a.j.t.JMeterThread: Thread finished: Thread Group Get Pet By ID 3-188
2025-08-11 19:41:16,267 INFO o.a.j.t.JMeterThread: Thread is done: Thread Group Get Pet By ID 3-186
2025-08-11 19:41:16,267 INFO o.a.j.t.JMeterThread: Thread finished: Thread Group Get Pet By ID 3-186
2025-08-11 19:41:16,267 INFO o.a.j.t.JMeterThread: Thread is done: Thread Group Add Pet 2-20
2025-08-11 19:41:16,267 INFO o.a.j.t.JMeterThread: Thread finished: Thread Group Add Pet 2-20
2025-08-11 19:41:16,267 INFO o.a.j.t.JMeterThread: Thread is done: Thread Group Get Pet By ID 3-184
2025-08-11 19:41:16,267 INFO o.a.j.t.JMeterThread: Thread is done: Thread Group Get Pet By ID 3-189
2025-08-11 19:41:16,279 INFO o.a.j.t.JMeterThread: Thread finished: Thread Group Get Pet By ID 3-184
2025-08-11 19:41:16,279 INFO o.a.j.t.JMeterThread: Thread finished: Thread Group Get Pet By ID 3-189
2025-08-11 19:41:16,279 INFO o.a.j.t.JMeterThread: Thread is done: Thread Group Get Pet By ID 3-180
2025-08-11 19:41:16,279 INFO o.a.j.t.JMeterThread: Thread finished: Thread Group Get Pet By ID 3-180
2025-08-11 19:41:16,279 INFO o.a.j.t.JMeterThread: Thread is done: Thread Group Get Pet By ID 3-181
2025-08-11 19:41:16,279 INFO o.a.j.t.JMeterThread: Thread finished: Thread Group Get Pet By ID 3-181
2025-08-11 19:41:16,279 INFO o.a.j.t.JMeterThread: Thread is done: Thread Group Get Pet By ID 3-191
2025-08-11 19:41:16,279 INFO o.a.j.t.JMeterThread: Thread finished: Thread Group Get Pet By ID 3-191
2025-08-11 19:41:16,279 INFO o.a.j.t.JMeterThread: Thread is done: Thread Group Get Pet By ID 3-192
2025-08-11 19:41:16,279 INFO o.a.j.t.JMeterThread: Thread finished: Thread Group Get Pet By ID 3-192
2025-08-11 19:41:16,311 INFO o.a.j.t.JMeterThread: Thread is done: Thread Group Get Pet By ID 3-190
2025-08-11 19:41:16,311 INFO o.a.j.t.JMeterThread: Thread finished: Thread Group Get Pet By ID 3-190
2025-08-11 19:41:16,327 INFO o.a.j.t.JMeterThread: Thread is done: Thread Group Get Pet By ID 3-195
2025-08-11 19:41:16,327 INFO o.a.j.t.JMeterThread: Thread finished: Thread Group Get Pet By ID 3-195
2025-08-11 19:41:16,343 INFO o.a.j.t.JMeterThread: Thread is done: Thread Group Get Pet By ID 3-196
2025-08-11 19:41:16,343 INFO o.a.j.t.JMeterThread: Thread finished: Thread Group Get Pet By ID 3-196
2025-08-11 19:41:16,343 INFO o.a.j.t.JMeterThread: Thread is done: Thread Group Get Pet By ID 3-198
2025-08-11 19:41:16,343 INFO o.a.j.t.JMeterThread: Thread finished: Thread Group Get Pet By ID 3-198
2025-08-11 19:41:16,343 INFO o.a.j.t.JMeterThread: Thread is done: Thread Group Get Pet By ID 3-193
2025-08-11 19:41:16,343 INFO o.a.j.t.JMeterThread: Thread finished: Thread Group Get Pet By ID 3-193
2025-08-11 19:41:16,343 INFO o.a.j.t.JMeterThread: Thread is done: Thread Group Get Pet By ID 3-194
2025-08-11 19:41:16,343 INFO o.a.j.t.JMeterThread: Thread finished: Thread Group Get Pet By ID 3-194
2025-08-11 19:41:16,358 INFO o.a.j.t.JMeterThread: Thread is done: Thread Group Add Pet 2-21
2025-08-11 19:41:16,358 INFO o.a.j.t.JMeterThread: Thread finished: Thread Group Add Pet 2-21
2025-08-11 19:41:16,358 INFO o.a.j.t.JMeterThread: Thread is done: Thread Group Get Pet By ID 3-197
2025-08-11 19:41:16,358 INFO o.a.j.t.JMeterThread: Thread finished: Thread Group Get Pet By ID 3-197
2025-08-11 19:41:16,358 INFO o.a.j.t.JMeterThread: Thread is done: Thread Group Get Pet By ID 3-199
2025-08-11 19:41:16,358 INFO o.a.j.t.JMeterThread: Thread finished: Thread Group Get Pet By ID 3-199
2025-08-11 19:41:16,438 INFO o.a.j.t.JMeterThread: Thread is done: Thread Group Get Pet By ID 3-200
2025-08-11 19:41:16,438 INFO o.a.j.t.JMeterThread: Thread finished: Thread Group Get Pet By ID 3-200
2025-08-11 19:41:16,438 INFO o.a.j.e.StandardJMeterEngine: Notifying test listeners of end of test
2025-08-11 19:41:16,438 INFO o.a.j.s.FileServer: Close: ./CSV/ForAddPet.csv
2025-08-11 19:41:16,438 INFO o.a.j.r.Summariser: summary =    223 in 00:00:03 =   78.3/s Avg:  1002 Min:   526 Max:  1593 Err:    20 (8.97%)
2025-08-11 19:41:16,438 INFO o.a.j.JMeter: Generating Dashboard
2025-08-11 19:41:16,438 INFO o.a.j.r.d.ReportGenerator: Flushing result collector before report Generation
2025-08-11 19:41:16,454 INFO o.a.j.r.p.NormalizerSampleConsumer: Using format, 'ms', to parse timeStamp field
2025-08-11 19:41:16,517 INFO o.a.j.r.p.AbstractSampleConsumer: class org.apache.jmeter.report.processor.AggregateConsumer#stopProducing(): beginDate produced 0 samples
2025-08-11 19:41:16,517 INFO o.a.j.r.p.AbstractSampleConsumer: class org.apache.jmeter.report.processor.AggregateConsumer#stopProducing(): endDate produced 0 samples
2025-08-11 19:41:16,517 INFO o.a.j.r.p.AbstractSampleConsumer: class org.apache.jmeter.report.processor.ApdexSummaryConsumer#stopProducing(): apdexSummary produced 0 samples
2025-08-11 19:41:16,517 INFO o.a.j.r.p.AbstractSampleConsumer: class org.apache.jmeter.report.processor.RequestsSummaryConsumer#stopProducing(): requestsSummary produced 0 samples
2025-08-11 19:41:16,533 INFO o.a.j.r.p.AbstractSampleConsumer: class org.apache.jmeter.report.processor.StatisticsSummaryConsumer#stopProducing(): statisticsSummary produced 0 samples
2025-08-11 19:41:16,533 INFO o.a.j.r.p.AbstractSampleConsumer: class org.apache.jmeter.report.processor.Top5ErrorsBySamplerConsumer#stopProducing(): top5ErrorsBySampler produced 0 samples
2025-08-11 19:41:16,533 INFO o.a.j.r.p.AbstractSampleConsumer: class org.apache.jmeter.report.processor.ErrorsSummaryConsumer#stopProducing(): errorsSummary produced 0 samples
2025-08-11 19:41:16,533 INFO o.a.j.r.p.AbstractSampleConsumer: class org.apache.jmeter.report.processor.graph.impl.HitsPerSecondGraphConsumer#stopProducing(): hitsPerSecond produced 0 samples
2025-08-11 19:41:16,549 INFO o.a.j.r.p.AbstractSampleConsumer: class org.apache.jmeter.report.processor.graph.impl.LatencyVSRequestGraphConsumer#stopProducing(): latencyVsRequest produced 0 samples
2025-08-11 19:41:16,549 INFO o.a.j.r.p.AbstractSampleConsumer: class org.apache.jmeter.report.processor.graph.impl.SyntheticResponseTimeDistributionGraphConsumer#stopProducing(): syntheticResponseTimeDistribution produced 0 samples
2025-08-11 19:41:16,549 INFO o.a.j.r.p.AbstractSampleConsumer: class org.apache.jmeter.report.processor.graph.impl.BytesThroughputGraphConsumer#stopProducing(): bytesThroughputOverTime produced 0 samples
2025-08-11 19:41:16,549 INFO o.a.j.r.p.AbstractSampleConsumer: class org.apache.jmeter.report.processor.graph.impl.CodesPerSecondGraphConsumer#stopProducing(): codesPerSecond produced 0 samples
2025-08-11 19:41:16,549 INFO o.a.j.r.p.AbstractSampleConsumer: class org.apache.jmeter.report.processor.graph.impl.ResponseTimeVSRequestGraphConsumer#stopProducing(): responseTimeVsRequest produced 0 samples
2025-08-11 19:41:16,549 INFO o.a.j.r.p.AbstractSampleConsumer: class org.apache.jmeter.report.processor.FilterConsumer#stopProducing(): startIntervalControlerFilter produced 1561 samples
2025-08-11 19:41:16,549 INFO o.a.j.r.p.AbstractSampleConsumer: class org.apache.jmeter.report.processor.graph.impl.TotalTPSGraphConsumer#stopProducing(): totalTPS produced 0 samples
2025-08-11 19:41:16,549 INFO o.a.j.r.p.AbstractSampleConsumer: class org.apache.jmeter.report.processor.graph.impl.ActiveThreadsGraphConsumer#stopProducing(): activeThreadsOverTime produced 0 samples
2025-08-11 19:41:16,549 INFO o.a.j.r.p.AbstractSampleConsumer: class org.apache.jmeter.report.processor.graph.impl.TimeVSThreadGraphConsumer#stopProducing(): timeVsThreads produced 0 samples
2025-08-11 19:41:16,549 INFO o.a.j.r.p.AbstractSampleConsumer: class org.apache.jmeter.report.processor.graph.impl.ResponseTimeDistributionGraphConsumer#stopProducing(): responseTimeDistribution produced 0 samples
2025-08-11 19:41:16,549 INFO o.a.j.r.p.AbstractSampleConsumer: class org.apache.jmeter.report.processor.graph.impl.TransactionsPerSecondGraphConsumer#stopProducing(): transactionsPerSecond produced 0 samples
2025-08-11 19:41:16,549 INFO o.a.j.r.p.AbstractSampleConsumer: class org.apache.jmeter.report.processor.graph.impl.ResponseTimePercentilesGraphConsumer#stopProducing(): responseTimePercentiles produced 0 samples
2025-08-11 19:41:16,549 INFO o.a.j.r.p.AbstractSampleConsumer: class org.apache.jmeter.report.processor.graph.impl.ResponseTimePercentilesOverTimeGraphConsumer#stopProducing(): responseTimePercentilesOverTime produced 0 samples
2025-08-11 19:41:16,549 INFO o.a.j.r.p.AbstractSampleConsumer: class org.apache.jmeter.report.processor.graph.impl.ResponseTimeOverTimeGraphConsumer#stopProducing(): responseTimesOverTime produced 0 samples
2025-08-11 19:41:16,549 INFO o.a.j.r.p.AbstractSampleConsumer: class org.apache.jmeter.report.processor.graph.impl.ConnectTimeOverTimeGraphConsumer#stopProducing(): connectTimeOverTime produced 0 samples
2025-08-11 19:41:16,549 INFO o.a.j.r.p.AbstractSampleConsumer: class org.apache.jmeter.report.processor.graph.impl.LatencyOverTimeGraphConsumer#stopProducing(): latenciesOverTime produced 0 samples
2025-08-11 19:41:16,549 INFO o.a.j.r.p.AbstractSampleConsumer: class org.apache.jmeter.report.processor.FilterConsumer#stopProducing(): nameFilter produced 3345 samples
2025-08-11 19:41:16,549 INFO o.a.j.r.p.AbstractSampleConsumer: class org.apache.jmeter.report.processor.FilterConsumer#stopProducing(): dateRangeFilter produced 669 samples
2025-08-11 19:41:16,549 INFO o.a.j.r.p.AbstractSampleConsumer: class org.apache.jmeter.report.processor.NormalizerSampleConsumer#stopProducing(): normalizer produced 223 samples
2025-08-11 19:41:16,565 INFO o.a.j.r.p.CsvFileSampleSource: produce(): 223 samples produced in 111ms on channel 0
2025-08-11 19:41:16,565 INFO o.a.j.r.d.ReportGenerator: Exporting data using exporter:'json' of className:'org.apache.jmeter.report.dashboard.JsonExporter'
2025-08-11 19:41:16,628 INFO o.a.j.r.d.JsonExporter: Found data for consumer statisticsSummaryin context
2025-08-11 19:41:16,628 INFO o.a.j.r.d.JsonExporter: Creating statistics for overall
2025-08-11 19:41:16,628 INFO o.a.j.r.d.JsonExporter: Creating statistics for other transactions
2025-08-11 19:41:16,628 INFO o.a.j.r.d.JsonExporter: Checking output folder
2025-08-11 19:41:16,628 INFO o.a.j.r.d.JsonExporter: Writing statistics JSON to C:\Users\gulae\IdeaProjects\HomeWorkJMeter\JMeterProjects\results\statistics.json
2025-08-11 19:41:16,660 INFO o.a.j.r.d.ReportGenerator: Exporting data using exporter:'html' of className:'org.apache.jmeter.report.dashboard.HtmlTemplateExporter'
2025-08-11 19:41:16,660 INFO o.a.j.r.d.HtmlTemplateExporter: Will generate dashboard in folder: C:\Users\gulae\IdeaProjects\HomeWorkJMeter\JMeterProjects\results
2025-08-11 19:41:16,833 INFO o.a.j.r.d.HtmlTemplateExporter: Report will be generated in: C:\Users\gulae\IdeaProjects\HomeWorkJMeter\JMeterProjects\results, creating folder structure
2025-08-11 19:41:16,833 INFO o.a.j.r.d.TemplateVisitor: Copying folder from 'C:\DEV\apache-jmeter-5.6.3\bin\report-template' to 'C:\Users\gulae\IdeaProjects\HomeWorkJMeter\JMeterProjects\results', got message: C:\Users\gulae\IdeaProjects\HomeWorkJMeter\JMeterProjects\results, found non empty folder with following content [C:\Users\gulae\IdeaProjects\HomeWorkJMeter\JMeterProjects\results\statistics.json], will be ignored
2025-08-11 19:41:17,075 INFO o.a.j.JMeter: Dashboard generated
